Determining size of off64_t failed with the following output:
Change Dir: H:/C++/SpaceShooterIII/lib/deps/zlib/CMakeFiles/CMakeTmp

Run Build Command:"C:/Windows/Microsoft.NET/Framework/v4.0.30319/MSBuild.exe" "cmTC_5e124.vcxproj" "/p:Configuration=Debug" "/p:VisualStudioVersion=10.0"
Microsoft (R) Build Engine version 4.6.1055.0
[Microsoft .NET Framework, version 4.0.30319.42000]
Copyright (C) Microsoft Corporation. All rights reserved.

Build started 4/14/2016 8:41:22 AM.
Project "H:\C++\SpaceShooterIII\lib\deps\zlib\CMakeFiles\CMakeTmp\cmTC_5e124.vcxproj" on node 1 (default targets).
PrepareForBuild:
  Creating directory "cmTC_5e124.dir\Debug\".
  Creating directory "H:\C++\SpaceShooterIII\lib\deps\zlib\CMakeFiles\CMakeTmp\Debug\".
InitializeBuildStatus:
  Creating "cmTC_5e124.dir\Debug\cmTC_5e124.unsuccessfulbuild" because "AlwaysCreate" was specified.
ClCompile:
  c:\Program Files (x86)\Microsoft Visual Studio 10.0\VC\bin\CL.exe /c /Zi /W3 /WX- /Od /Ob0 /Oy- /D WIN32 /D _WINDOWS /D _DEBUG /D _LARGEFILE64_SOURCE=1 /D HAVE_SYS_TYPES_H /D HAVE_STDINT_H /D HAVE_STDDEF_H /D "CMAKE_INTDIR=\"Debug\"" /D _MBCS /Gm- /RTC1 /MDd /GS /fp:precise /Zc:wchar_t /Zc:forScope /Fo"cmTC_5e124.dir\Debug\\" /Fd"cmTC_5e124.dir\Debug\vc100.pdb" /Gd /TC /analyze- /errorReport:queue ..\CheckTypeSize\OFF64_T.c
  Microsoft (R) 32-bit C/C++ Optimizing Compiler Version 16.00.40219.01 for 80x86
  Copyright (C) Microsoft Corporation.  All rights reserved.
  
  cl /c /Zi /W3 /WX- /Od /Ob0 /Oy- /D WIN32 /D _WINDOWS /D _DEBUG /D _LARGEFILE64_SOURCE=1 /D HAVE_SYS_TYPES_H /D HAVE_STDINT_H /D HAVE_STDDEF_H /D "CMAKE_INTDIR=\"Debug\"" /D _MBCS /Gm- /RTC1 /MDd /GS /fp:precise /Zc:wchar_t /Zc:forScope /Fo"cmTC_5e124.dir\Debug\\" /Fd"cmTC_5e124.dir\Debug\vc100.pdb" /Gd /TC /analyze- /errorReport:queue ..\CheckTypeSize\OFF64_T.c
  
  OFF64_T.c
..\CheckTypeSize\OFF64_T.c(19): error C2065: 'off64_t' : undeclared identifier [H:\C++\SpaceShooterIII\lib\deps\zlib\CMakeFiles\CMakeTmp\cmTC_5e124.vcxproj]
..\CheckTypeSize\OFF64_T.c(20): error C2065: 'off64_t' : undeclared identifier [H:\C++\SpaceShooterIII\lib\deps\zlib\CMakeFiles\CMakeTmp\cmTC_5e124.vcxproj]
..\CheckTypeSize\OFF64_T.c(21): error C2065: 'off64_t' : undeclared identifier [H:\C++\SpaceShooterIII\lib\deps\zlib\CMakeFiles\CMakeTmp\cmTC_5e124.vcxproj]
..\CheckTypeSize\OFF64_T.c(22): error C2065: 'off64_t' : undeclared identifier [H:\C++\SpaceShooterIII\lib\deps\zlib\CMakeFiles\CMakeTmp\cmTC_5e124.vcxproj]
..\CheckTypeSize\OFF64_T.c(23): error C2065: 'off64_t' : undeclared identifier [H:\C++\SpaceShooterIII\lib\deps\zlib\CMakeFiles\CMakeTmp\cmTC_5e124.vcxproj]
Done Building Project "H:\C++\SpaceShooterIII\lib\deps\zlib\CMakeFiles\CMakeTmp\cmTC_5e124.vcxproj" (default targets) -- FAILED.

Build FAILED.

"H:\C++\SpaceShooterIII\lib\deps\zlib\CMakeFiles\CMakeTmp\cmTC_5e124.vcxproj" (default target) (1) ->
(ClCompile target) -> 
  ..\CheckTypeSize\OFF64_T.c(19): error C2065: 'off64_t' : undeclared identifier [H:\C++\SpaceShooterIII\lib\deps\zlib\CMakeFiles\CMakeTmp\cmTC_5e124.vcxproj]
  ..\CheckTypeSize\OFF64_T.c(20): error C2065: 'off64_t' : undeclared identifier [H:\C++\SpaceShooterIII\lib\deps\zlib\CMakeFiles\CMakeTmp\cmTC_5e124.vcxproj]
  ..\CheckTypeSize\OFF64_T.c(21): error C2065: 'off64_t' : undeclared identifier [H:\C++\SpaceShooterIII\lib\deps\zlib\CMakeFiles\CMakeTmp\cmTC_5e124.vcxproj]
  ..\CheckTypeSize\OFF64_T.c(22): error C2065: 'off64_t' : undeclared identifier [H:\C++\SpaceShooterIII\lib\deps\zlib\CMakeFiles\CMakeTmp\cmTC_5e124.vcxproj]
  ..\CheckTypeSize\OFF64_T.c(23): error C2065: 'off64_t' : undeclared identifier [H:\C++\SpaceShooterIII\lib\deps\zlib\CMakeFiles\CMakeTmp\cmTC_5e124.vcxproj]

    0 Warning(s)
    5 Error(s)

Time Elapsed 00:00:00.31

H:/C++/SpaceShooterIII/lib/deps/zlib/CMakeFiles/CheckTypeSize/OFF64_T.c:
#include <sys/types.h>
#include <stdint.h>
#include <stddef.h>


#undef KEY
#if defined(__i386)
# define KEY '_','_','i','3','8','6'
#elif defined(__x86_64)
# define KEY '_','_','x','8','6','_','6','4'
#elif defined(__ppc__)
# define KEY '_','_','p','p','c','_','_'
#elif defined(__ppc64__)
# define KEY '_','_','p','p','c','6','4','_','_'
#endif

#define SIZE (sizeof(off64_t))
char info_size[] =  {'I', 'N', 'F', 'O', ':', 's','i','z','e','[',
  ('0' + ((SIZE / 10000)%10)),
  ('0' + ((SIZE / 1000)%10)),
  ('0' + ((SIZE / 100)%10)),
  ('0' + ((SIZE / 10)%10)),
  ('0' +  (SIZE    % 10)),
  ']',
#ifdef KEY
  ' ','k','e','y','[', KEY, ']',
#endif
  '\0'};

#ifdef __CLASSIC_C__
int main(argc, argv) int argc; char *argv[];
#else
int main(int argc, char *argv[])
#endif
{
  int require = 0;
  require += info_size[argc];
  (void)argv;
  return require;
}


Determining if the function fseeko exists failed with the following output:
Change Dir: H:/C++/SpaceShooterIII/lib/deps/zlib/CMakeFiles/CMakeTmp

Run Build Command:"C:/Windows/Microsoft.NET/Framework/v4.0.30319/MSBuild.exe" "cmTC_afa5f.vcxproj" "/p:Configuration=Debug" "/p:VisualStudioVersion=10.0"
Microsoft (R) Build Engine version 4.6.1055.0
[Microsoft .NET Framework, version 4.0.30319.42000]
Copyright (C) Microsoft Corporation. All rights reserved.

Build started 4/14/2016 8:41:23 AM.
Project "H:\C++\SpaceShooterIII\lib\deps\zlib\CMakeFiles\CMakeTmp\cmTC_afa5f.vcxproj" on node 1 (default targets).
PrepareForBuild:
  Creating directory "cmTC_afa5f.dir\Debug\".
  Creating directory "H:\C++\SpaceShooterIII\lib\deps\zlib\CMakeFiles\CMakeTmp\Debug\".
InitializeBuildStatus:
  Creating "cmTC_afa5f.dir\Debug\cmTC_afa5f.unsuccessfulbuild" because "AlwaysCreate" was specified.
ClCompile:
  c:\Program Files (x86)\Microsoft Visual Studio 10.0\VC\bin\CL.exe /c /Zi /W3 /WX- /Od /Ob0 /Oy- /D WIN32 /D _WINDOWS /D CHECK_FUNCTION_EXISTS=fseeko /D _DEBUG /D "CMAKE_INTDIR=\"Debug\"" /D _MBCS /Gm- /RTC1 /MDd /GS /fp:precise /Zc:wchar_t /Zc:forScope /Fo"cmTC_afa5f.dir\Debug\\" /Fd"cmTC_afa5f.dir\Debug\vc100.pdb" /Gd /TC /analyze- /errorReport:queue "..\..\..\..\..\..\..\cmake-3.5.1-win32-x86\share\cmake-3.5\Modules\CheckFunctionExists.c"
  Microsoft (R) 32-bit C/C++ Optimizing Compiler Version 16.00.40219.01 for 80x86
  Copyright (C) Microsoft Corporation.  All rights reserved.
  
  cl /c /Zi /W3 /WX- /Od /Ob0 /Oy- /D WIN32 /D _WINDOWS /D CHECK_FUNCTION_EXISTS=fseeko /D _DEBUG /D "CMAKE_INTDIR=\"Debug\"" /D _MBCS /Gm- /RTC1 /MDd /GS /fp:precise /Zc:wchar_t /Zc:forScope /Fo"cmTC_afa5f.dir\Debug\\" /Fd"cmTC_afa5f.dir\Debug\vc100.pdb" /Gd /TC /analyze- /errorReport:queue "..\..\..\..\..\..\..\cmake-3.5.1-win32-x86\share\cmake-3.5\Modules\CheckFunctionExists.c"
  
  CheckFunctionExists.c
ManifestResourceCompile:
  c:\Program Files (x86)\Microsoft SDKs\Windows\v7.0A\bin\rc.exe /nologo /fo"cmTC_afa5f.dir\Debug\cmTC_afa5f.exe.embed.manifest.res" cmTC_afa5f.dir\Debug\cmTC_afa5f_manifest.rc 
Link:
  c:\Program Files (x86)\Microsoft Visual Studio 10.0\VC\bin\link.exe /ERRORREPORT:QUEUE /OUT:"H:\C++\SpaceShooterIII\lib\deps\zlib\CMakeFiles\CMakeTmp\Debug\cmTC_afa5f.exe" /INCREMENTAL /NOLOGO kernel32.lib user32.lib gdi32.lib winspool.lib shell32.lib ole32.lib oleaut32.lib uuid.lib comdlg32.lib advapi32.lib /MANIFEST /ManifestFile:"cmTC_afa5f.dir\Debug\cmTC_afa5f.exe.intermediate.manifest" /MANIFESTUAC:"level='asInvoker' uiAccess='false'" /DEBUG /PDB:"H:/C++/SpaceShooterIII/lib/deps/zlib/CMakeFiles/CMakeTmp/Debug/cmTC_afa5f.pdb" /SUBSYSTEM:CONSOLE /TLBID:1 /DYNAMICBASE /NXCOMPAT /IMPLIB:"H:/C++/SpaceShooterIII/lib/deps/zlib/CMakeFiles/CMakeTmp/Debug/cmTC_afa5f.lib" /MACHINE:X86 cmTC_afa5f.dir\Debug\cmTC_afa5f.exe.embed.manifest.res
  cmTC_afa5f.dir\Debug\CheckFunctionExists.obj  /machine:X86 
CheckFunctionExists.obj : error LNK2019: unresolved external symbol _fseeko referenced in function _main [H:\C++\SpaceShooterIII\lib\deps\zlib\CMakeFiles\CMakeTmp\cmTC_afa5f.vcxproj]
H:\C++\SpaceShooterIII\lib\deps\zlib\CMakeFiles\CMakeTmp\Debug\cmTC_afa5f.exe : fatal error LNK1120: 1 unresolved externals [H:\C++\SpaceShooterIII\lib\deps\zlib\CMakeFiles\CMakeTmp\cmTC_afa5f.vcxproj]
Done Building Project "H:\C++\SpaceShooterIII\lib\deps\zlib\CMakeFiles\CMakeTmp\cmTC_afa5f.vcxproj" (default targets) -- FAILED.

Build FAILED.

"H:\C++\SpaceShooterIII\lib\deps\zlib\CMakeFiles\CMakeTmp\cmTC_afa5f.vcxproj" (default target) (1) ->
(Link target) -> 
  CheckFunctionExists.obj : error LNK2019: unresolved external symbol _fseeko referenced in function _main [H:\C++\SpaceShooterIII\lib\deps\zlib\CMakeFiles\CMakeTmp\cmTC_afa5f.vcxproj]
  H:\C++\SpaceShooterIII\lib\deps\zlib\CMakeFiles\CMakeTmp\Debug\cmTC_afa5f.exe : fatal error LNK1120: 1 unresolved externals [H:\C++\SpaceShooterIII\lib\deps\zlib\CMakeFiles\CMakeTmp\cmTC_afa5f.vcxproj]

    0 Warning(s)
    2 Error(s)

Time Elapsed 00:00:01.29


Determining if the include file unistd.h exists failed with the following output:
Change Dir: H:/C++/SpaceShooterIII/lib/deps/zlib/CMakeFiles/CMakeTmp

Run Build Command:"C:/Windows/Microsoft.NET/Framework/v4.0.30319/MSBuild.exe" "cmTC_d2dea.vcxproj" "/p:Configuration=Debug" "/p:VisualStudioVersion=10.0"
Microsoft (R) Build Engine version 4.6.1055.0
[Microsoft .NET Framework, version 4.0.30319.42000]
Copyright (C) Microsoft Corporation. All rights reserved.

Build started 4/14/2016 8:41:27 AM.
Project "H:\C++\SpaceShooterIII\lib\deps\zlib\CMakeFiles\CMakeTmp\cmTC_d2dea.vcxproj" on node 1 (default targets).
PrepareForBuild:
  Creating directory "cmTC_d2dea.dir\Debug\".
  Creating directory "H:\C++\SpaceShooterIII\lib\deps\zlib\CMakeFiles\CMakeTmp\Debug\".
InitializeBuildStatus:
  Creating "cmTC_d2dea.dir\Debug\cmTC_d2dea.unsuccessfulbuild" because "AlwaysCreate" was specified.
ClCompile:
  c:\Program Files (x86)\Microsoft Visual Studio 10.0\VC\bin\CL.exe /c /Zi /W3 /WX- /Od /Ob0 /Oy- /D WIN32 /D _WINDOWS /D _DEBUG /D "CMAKE_INTDIR=\"Debug\"" /D _MBCS /Gm- /RTC1 /MDd /GS /fp:precise /Zc:wchar_t /Zc:forScope /Fo"cmTC_d2dea.dir\Debug\\" /Fd"cmTC_d2dea.dir\Debug\vc100.pdb" /Gd /TC /analyze- /errorReport:queue CheckIncludeFile.c
  Microsoft (R) 32-bit C/C++ Optimizing Compiler Version 16.00.40219.01 for 80x86
  Copyright (C) Microsoft Corporation.  All rights reserved.
  
  cl /c /Zi /W3 /WX- /Od /Ob0 /Oy- /D WIN32 /D _WINDOWS /D _DEBUG /D "CMAKE_INTDIR=\"Debug\"" /D _MBCS /Gm- /RTC1 /MDd /GS /fp:precise /Zc:wchar_t /Zc:forScope /Fo"cmTC_d2dea.dir\Debug\\" /Fd"cmTC_d2dea.dir\Debug\vc100.pdb" /Gd /TC /analyze- /errorReport:queue CheckIncludeFile.c
  
  CheckIncludeFile.c
CheckIncludeFile.c(1): fatal error C1083: Cannot open include file: 'unistd.h': No such file or directory [H:\C++\SpaceShooterIII\lib\deps\zlib\CMakeFiles\CMakeTmp\cmTC_d2dea.vcxproj]
Done Building Project "H:\C++\SpaceShooterIII\lib\deps\zlib\CMakeFiles\CMakeTmp\cmTC_d2dea.vcxproj" (default targets) -- FAILED.

Build FAILED.

"H:\C++\SpaceShooterIII\lib\deps\zlib\CMakeFiles\CMakeTmp\cmTC_d2dea.vcxproj" (default target) (1) ->
(ClCompile target) -> 
  CheckIncludeFile.c(1): fatal error C1083: Cannot open include file: 'unistd.h': No such file or directory [H:\C++\SpaceShooterIII\lib\deps\zlib\CMakeFiles\CMakeTmp\cmTC_d2dea.vcxproj]

    0 Warning(s)
    1 Error(s)

Time Elapsed 00:00:00.31


