Performing C SOURCE FILE Test HAVE_STD_C11 failed with the following output:
Change Dir: H:/C++/SpaceShooterIII/lib/deps/openal-soft/CMakeFiles/CMakeTmp

Run Build Command:"C:/Windows/Microsoft.NET/Framework/v4.0.30319/MSBuild.exe" "cmTC_5e292.vcxproj" "/p:Configuration=Debug" "/p:VisualStudioVersion=10.0"
Microsoft (R) Build Engine version 4.6.1055.0
[Microsoft .NET Framework, version 4.0.30319.42000]
Copyright (C) Microsoft Corporation. All rights reserved.

Build started 4/14/2016 8:33:17 AM.
Project "H:\C++\SpaceShooterIII\lib\deps\openal-soft\CMakeFiles\CMakeTmp\cmTC_5e292.vcxproj" on node 1 (default targets).
PrepareForBuild:
  Creating directory "cmTC_5e292.dir\Debug\".
  Creating directory "H:\C++\SpaceShooterIII\lib\deps\openal-soft\CMakeFiles\CMakeTmp\Debug\".
InitializeBuildStatus:
  Creating "cmTC_5e292.dir\Debug\cmTC_5e292.unsuccessfulbuild" because "AlwaysCreate" was specified.
ClCompile:
  c:\Program Files (x86)\Microsoft Visual Studio 10.0\VC\bin\CL.exe /c /Zi /W3 /WX- /Od /Ob0 /Oy- /D WIN32 /D _WINDOWS /D HAVE_STD_C11 /D _DEBUG /D "CMAKE_INTDIR=\"Debug\"" /D _MBCS /Gm- /RTC1 /MDd /GS /fp:precise /Zc:wchar_t /Zc:forScope /Fo"cmTC_5e292.dir\Debug\\" /Fd"cmTC_5e292.dir\Debug\vc100.pdb" /Gd /TC /analyze- /errorReport:queue src.c  -std=c11 
  Microsoft (R) 32-bit C/C++ Optimizing Compiler Version 16.00.40219.01 for 80x86
  Copyright (C) Microsoft Corporation.  All rights reserved.
  
  cl /c /Zi /W3 /WX- /Od /Ob0 /Oy- /D WIN32 /D _WINDOWS /D HAVE_STD_C11 /D _DEBUG /D "CMAKE_INTDIR=\"Debug\"" /D _MBCS /Gm- /RTC1 /MDd /GS /fp:precise /Zc:wchar_t /Zc:forScope /Fo"cmTC_5e292.dir\Debug\\" /Fd"cmTC_5e292.dir\Debug\vc100.pdb" /Gd /TC /analyze- /errorReport:queue src.c  -std=c11 
  
cl : Command line warning D9002: ignoring unknown option '-std=c11' [H:\C++\SpaceShooterIII\lib\deps\openal-soft\CMakeFiles\CMakeTmp\cmTC_5e292.vcxproj]
  src.c
ManifestResourceCompile:
  c:\Program Files (x86)\Microsoft SDKs\Windows\v7.0A\bin\rc.exe /nologo /fo"cmTC_5e292.dir\Debug\cmTC_5e292.exe.embed.manifest.res" cmTC_5e292.dir\Debug\cmTC_5e292_manifest.rc 
Link:
  c:\Program Files (x86)\Microsoft Visual Studio 10.0\VC\bin\link.exe /ERRORREPORT:QUEUE /OUT:"H:\C++\SpaceShooterIII\lib\deps\openal-soft\CMakeFiles\CMakeTmp\Debug\cmTC_5e292.exe" /INCREMENTAL /NOLOGO kernel32.lib user32.lib gdi32.lib winspool.lib shell32.lib ole32.lib oleaut32.lib uuid.lib comdlg32.lib advapi32.lib /MANIFEST /ManifestFile:"cmTC_5e292.dir\Debug\cmTC_5e292.exe.intermediate.manifest" /MANIFESTUAC:"level='asInvoker' uiAccess='false'" /DEBUG /PDB:"H:/C++/SpaceShooterIII/lib/deps/openal-soft/CMakeFiles/CMakeTmp/Debug/cmTC_5e292.pdb" /SUBSYSTEM:CONSOLE /TLBID:1 /DYNAMICBASE /NXCOMPAT /IMPLIB:"H:/C++/SpaceShooterIII/lib/deps/openal-soft/CMakeFiles/CMakeTmp/Debug/cmTC_5e292.lib" /MACHINE:X86 cmTC_5e292.dir\Debug\cmTC_5e292.exe.embed.manifest.res
  cmTC_5e292.dir\Debug\src.obj  /machine:X86 
Manifest:
  c:\Program Files (x86)\Microsoft SDKs\Windows\v7.0A\bin\mt.exe /nologo /verbose /out:"cmTC_5e292.dir\Debug\cmTC_5e292.exe.embed.manifest" /manifest cmTC_5e292.dir\Debug\cmTC_5e292.exe.intermediate.manifest
  c:\Program Files (x86)\Microsoft SDKs\Windows\v7.0A\bin\rc.exe /nologo /fo"cmTC_5e292.dir\Debug\cmTC_5e292.exe.embed.manifest.res" cmTC_5e292.dir\Debug\cmTC_5e292_manifest.rc 
LinkEmbedManifest:
  c:\Program Files (x86)\Microsoft Visual Studio 10.0\VC\bin\link.exe /ERRORREPORT:QUEUE /OUT:"H:\C++\SpaceShooterIII\lib\deps\openal-soft\CMakeFiles\CMakeTmp\Debug\cmTC_5e292.exe" /INCREMENTAL /NOLOGO kernel32.lib user32.lib gdi32.lib winspool.lib shell32.lib ole32.lib oleaut32.lib uuid.lib comdlg32.lib advapi32.lib /MANIFEST /ManifestFile:"cmTC_5e292.dir\Debug\cmTC_5e292.exe.intermediate.manifest" /MANIFESTUAC:"level='asInvoker' uiAccess='false'" /DEBUG /PDB:"H:/C++/SpaceShooterIII/lib/deps/openal-soft/CMakeFiles/CMakeTmp/Debug/cmTC_5e292.pdb" /SUBSYSTEM:CONSOLE /TLBID:1 /DYNAMICBASE /NXCOMPAT /IMPLIB:"H:/C++/SpaceShooterIII/lib/deps/openal-soft/CMakeFiles/CMakeTmp/Debug/cmTC_5e292.lib" /MACHINE:X86 cmTC_5e292.dir\Debug\cmTC_5e292.exe.embed.manifest.res
  cmTC_5e292.dir\Debug\src.obj  /machine:X86 
  cmTC_5e292.vcxproj -> H:\C++\SpaceShooterIII\lib\deps\openal-soft\CMakeFiles\CMakeTmp\Debug\cmTC_5e292.exe
FinalizeBuildStatus:
  Deleting file "cmTC_5e292.dir\Debug\cmTC_5e292.unsuccessfulbuild".
  Touching "cmTC_5e292.dir\Debug\cmTC_5e292.lastbuildstate".
Done Building Project "H:\C++\SpaceShooterIII\lib\deps\openal-soft\CMakeFiles\CMakeTmp\cmTC_5e292.vcxproj" (default targets).

Build succeeded.

"H:\C++\SpaceShooterIII\lib\deps\openal-soft\CMakeFiles\CMakeTmp\cmTC_5e292.vcxproj" (default target) (1) ->
(ClCompile target) -> 
  cl : Command line warning D9002: ignoring unknown option '-std=c11' [H:\C++\SpaceShooterIII\lib\deps\openal-soft\CMakeFiles\CMakeTmp\cmTC_5e292.vcxproj]

    1 Warning(s)
    0 Error(s)

Time Elapsed 00:00:02.95

Source file was:
int main(void) { return 0; }
Performing C SOURCE FILE Test HAVE_STD_C99 failed with the following output:
Change Dir: H:/C++/SpaceShooterIII/lib/deps/openal-soft/CMakeFiles/CMakeTmp

Run Build Command:"C:/Windows/Microsoft.NET/Framework/v4.0.30319/MSBuild.exe" "cmTC_2aa12.vcxproj" "/p:Configuration=Debug" "/p:VisualStudioVersion=10.0"
Microsoft (R) Build Engine version 4.6.1055.0
[Microsoft .NET Framework, version 4.0.30319.42000]
Copyright (C) Microsoft Corporation. All rights reserved.

Build started 4/14/2016 8:33:22 AM.
Project "H:\C++\SpaceShooterIII\lib\deps\openal-soft\CMakeFiles\CMakeTmp\cmTC_2aa12.vcxproj" on node 1 (default targets).
PrepareForBuild:
  Creating directory "cmTC_2aa12.dir\Debug\".
  Creating directory "H:\C++\SpaceShooterIII\lib\deps\openal-soft\CMakeFiles\CMakeTmp\Debug\".
InitializeBuildStatus:
  Creating "cmTC_2aa12.dir\Debug\cmTC_2aa12.unsuccessfulbuild" because "AlwaysCreate" was specified.
ClCompile:
  c:\Program Files (x86)\Microsoft Visual Studio 10.0\VC\bin\CL.exe /c /Zi /W3 /WX- /Od /Ob0 /Oy- /D WIN32 /D _WINDOWS /D HAVE_STD_C99 /D _DEBUG /D "CMAKE_INTDIR=\"Debug\"" /D _MBCS /Gm- /RTC1 /MDd /GS /fp:precise /Zc:wchar_t /Zc:forScope /Fo"cmTC_2aa12.dir\Debug\\" /Fd"cmTC_2aa12.dir\Debug\vc100.pdb" /Gd /TC /analyze- /errorReport:queue src.c  -std=c99 
  Microsoft (R) 32-bit C/C++ Optimizing Compiler Version 16.00.40219.01 for 80x86
  Copyright (C) Microsoft Corporation.  All rights reserved.
  
  cl /c /Zi /W3 /WX- /Od /Ob0 /Oy- /D WIN32 /D _WINDOWS /D HAVE_STD_C99 /D _DEBUG /D "CMAKE_INTDIR=\"Debug\"" /D _MBCS /Gm- /RTC1 /MDd /GS /fp:precise /Zc:wchar_t /Zc:forScope /Fo"cmTC_2aa12.dir\Debug\\" /Fd"cmTC_2aa12.dir\Debug\vc100.pdb" /Gd /TC /analyze- /errorReport:queue src.c  -std=c99 
  
cl : Command line warning D9002: ignoring unknown option '-std=c99' [H:\C++\SpaceShooterIII\lib\deps\openal-soft\CMakeFiles\CMakeTmp\cmTC_2aa12.vcxproj]
  src.c
ManifestResourceCompile:
  c:\Program Files (x86)\Microsoft SDKs\Windows\v7.0A\bin\rc.exe /nologo /fo"cmTC_2aa12.dir\Debug\cmTC_2aa12.exe.embed.manifest.res" cmTC_2aa12.dir\Debug\cmTC_2aa12_manifest.rc 
Link:
  c:\Program Files (x86)\Microsoft Visual Studio 10.0\VC\bin\link.exe /ERRORREPORT:QUEUE /OUT:"H:\C++\SpaceShooterIII\lib\deps\openal-soft\CMakeFiles\CMakeTmp\Debug\cmTC_2aa12.exe" /INCREMENTAL /NOLOGO kernel32.lib user32.lib gdi32.lib winspool.lib shell32.lib ole32.lib oleaut32.lib uuid.lib comdlg32.lib advapi32.lib /MANIFEST /ManifestFile:"cmTC_2aa12.dir\Debug\cmTC_2aa12.exe.intermediate.manifest" /MANIFESTUAC:"level='asInvoker' uiAccess='false'" /DEBUG /PDB:"H:/C++/SpaceShooterIII/lib/deps/openal-soft/CMakeFiles/CMakeTmp/Debug/cmTC_2aa12.pdb" /SUBSYSTEM:CONSOLE /TLBID:1 /DYNAMICBASE /NXCOMPAT /IMPLIB:"H:/C++/SpaceShooterIII/lib/deps/openal-soft/CMakeFiles/CMakeTmp/Debug/cmTC_2aa12.lib" /MACHINE:X86 cmTC_2aa12.dir\Debug\cmTC_2aa12.exe.embed.manifest.res
  cmTC_2aa12.dir\Debug\src.obj  /machine:X86 
Manifest:
  c:\Program Files (x86)\Microsoft SDKs\Windows\v7.0A\bin\mt.exe /nologo /verbose /out:"cmTC_2aa12.dir\Debug\cmTC_2aa12.exe.embed.manifest" /manifest cmTC_2aa12.dir\Debug\cmTC_2aa12.exe.intermediate.manifest
  c:\Program Files (x86)\Microsoft SDKs\Windows\v7.0A\bin\rc.exe /nologo /fo"cmTC_2aa12.dir\Debug\cmTC_2aa12.exe.embed.manifest.res" cmTC_2aa12.dir\Debug\cmTC_2aa12_manifest.rc 
LinkEmbedManifest:
  c:\Program Files (x86)\Microsoft Visual Studio 10.0\VC\bin\link.exe /ERRORREPORT:QUEUE /OUT:"H:\C++\SpaceShooterIII\lib\deps\openal-soft\CMakeFiles\CMakeTmp\Debug\cmTC_2aa12.exe" /INCREMENTAL /NOLOGO kernel32.lib user32.lib gdi32.lib winspool.lib shell32.lib ole32.lib oleaut32.lib uuid.lib comdlg32.lib advapi32.lib /MANIFEST /ManifestFile:"cmTC_2aa12.dir\Debug\cmTC_2aa12.exe.intermediate.manifest" /MANIFESTUAC:"level='asInvoker' uiAccess='false'" /DEBUG /PDB:"H:/C++/SpaceShooterIII/lib/deps/openal-soft/CMakeFiles/CMakeTmp/Debug/cmTC_2aa12.pdb" /SUBSYSTEM:CONSOLE /TLBID:1 /DYNAMICBASE /NXCOMPAT /IMPLIB:"H:/C++/SpaceShooterIII/lib/deps/openal-soft/CMakeFiles/CMakeTmp/Debug/cmTC_2aa12.lib" /MACHINE:X86 cmTC_2aa12.dir\Debug\cmTC_2aa12.exe.embed.manifest.res
  cmTC_2aa12.dir\Debug\src.obj  /machine:X86 
  cmTC_2aa12.vcxproj -> H:\C++\SpaceShooterIII\lib\deps\openal-soft\CMakeFiles\CMakeTmp\Debug\cmTC_2aa12.exe
FinalizeBuildStatus:
  Deleting file "cmTC_2aa12.dir\Debug\cmTC_2aa12.unsuccessfulbuild".
  Touching "cmTC_2aa12.dir\Debug\cmTC_2aa12.lastbuildstate".
Done Building Project "H:\C++\SpaceShooterIII\lib\deps\openal-soft\CMakeFiles\CMakeTmp\cmTC_2aa12.vcxproj" (default targets).

Build succeeded.

"H:\C++\SpaceShooterIII\lib\deps\openal-soft\CMakeFiles\CMakeTmp\cmTC_2aa12.vcxproj" (default target) (1) ->
(ClCompile target) -> 
  cl : Command line warning D9002: ignoring unknown option '-std=c99' [H:\C++\SpaceShooterIII\lib\deps\openal-soft\CMakeFiles\CMakeTmp\cmTC_2aa12.vcxproj]

    1 Warning(s)
    0 Error(s)

Time Elapsed 00:00:02.84

Source file was:
int main(void) { return 0; }
Performing C SOURCE FILE Test HAVE_RESTRICT failed with the following output:
Change Dir: H:/C++/SpaceShooterIII/lib/deps/openal-soft/CMakeFiles/CMakeTmp

Run Build Command:"C:/Windows/Microsoft.NET/Framework/v4.0.30319/MSBuild.exe" "cmTC_74655.vcxproj" "/p:Configuration=Debug" "/p:VisualStudioVersion=10.0"
Microsoft (R) Build Engine version 4.6.1055.0
[Microsoft .NET Framework, version 4.0.30319.42000]
Copyright (C) Microsoft Corporation. All rights reserved.

Build started 4/14/2016 8:33:29 AM.
Project "H:\C++\SpaceShooterIII\lib\deps\openal-soft\CMakeFiles\CMakeTmp\cmTC_74655.vcxproj" on node 1 (default targets).
PrepareForBuild:
  Creating directory "cmTC_74655.dir\Debug\".
  Creating directory "H:\C++\SpaceShooterIII\lib\deps\openal-soft\CMakeFiles\CMakeTmp\Debug\".
InitializeBuildStatus:
  Creating "cmTC_74655.dir\Debug\cmTC_74655.unsuccessfulbuild" because "AlwaysCreate" was specified.
ClCompile:
  c:\Program Files (x86)\Microsoft Visual Studio 10.0\VC\bin\CL.exe /c /Zi /W3 /WX- /Od /Ob0 /Oy- /D WIN32 /D _WINDOWS /D HAVE_RESTRICT /D _LARGEFILE_SOURCE /D _LARGE_FILES /D _DEBUG /D "CMAKE_INTDIR=\"Debug\"" /D _MBCS /Gm- /RTC1 /MDd /GS /fp:precise /Zc:wchar_t /Zc:forScope /Fo"cmTC_74655.dir\Debug\\" /Fd"cmTC_74655.dir\Debug\vc100.pdb" /Gd /TC /analyze- /errorReport:queue src.c
  Microsoft (R) 32-bit C/C++ Optimizing Compiler Version 16.00.40219.01 for 80x86
  Copyright (C) Microsoft Corporation.  All rights reserved.
  
  cl /c /Zi /W3 /WX- /Od /Ob0 /Oy- /D WIN32 /D _WINDOWS /D HAVE_RESTRICT /D _LARGEFILE_SOURCE /D _LARGE_FILES /D _DEBUG /D "CMAKE_INTDIR=\"Debug\"" /D _MBCS /Gm- /RTC1 /MDd /GS /fp:precise /Zc:wchar_t /Zc:forScope /Fo"cmTC_74655.dir\Debug\\" /Fd"cmTC_74655.dir\Debug\vc100.pdb" /Gd /TC /analyze- /errorReport:queue src.c
  
  src.c
src.c(1): error C2061: syntax error : identifier 'foo' [H:\C++\SpaceShooterIII\lib\deps\openal-soft\CMakeFiles\CMakeTmp\cmTC_74655.vcxproj]
src.c(1): error C2059: syntax error : ';' [H:\C++\SpaceShooterIII\lib\deps\openal-soft\CMakeFiles\CMakeTmp\cmTC_74655.vcxproj]
Done Building Project "H:\C++\SpaceShooterIII\lib\deps\openal-soft\CMakeFiles\CMakeTmp\cmTC_74655.vcxproj" (default targets) -- FAILED.

Build FAILED.

"H:\C++\SpaceShooterIII\lib\deps\openal-soft\CMakeFiles\CMakeTmp\cmTC_74655.vcxproj" (default target) (1) ->
(ClCompile target) -> 
  src.c(1): error C2061: syntax error : identifier 'foo' [H:\C++\SpaceShooterIII\lib\deps\openal-soft\CMakeFiles\CMakeTmp\cmTC_74655.vcxproj]
  src.c(1): error C2059: syntax error : ';' [H:\C++\SpaceShooterIII\lib\deps\openal-soft\CMakeFiles\CMakeTmp\cmTC_74655.vcxproj]

    0 Warning(s)
    2 Error(s)

Time Elapsed 00:00:00.30

Source file was:
int *restrict foo;
                             int main() {return 0;}
Performing C SOURCE FILE Test HAVE_INLINE failed with the following output:
Change Dir: H:/C++/SpaceShooterIII/lib/deps/openal-soft/CMakeFiles/CMakeTmp

Run Build Command:"C:/Windows/Microsoft.NET/Framework/v4.0.30319/MSBuild.exe" "cmTC_edb13.vcxproj" "/p:Configuration=Debug" "/p:VisualStudioVersion=10.0"
Microsoft (R) Build Engine version 4.6.1055.0
[Microsoft .NET Framework, version 4.0.30319.42000]
Copyright (C) Microsoft Corporation. All rights reserved.

Build started 4/14/2016 8:33:31 AM.
Project "H:\C++\SpaceShooterIII\lib\deps\openal-soft\CMakeFiles\CMakeTmp\cmTC_edb13.vcxproj" on node 1 (default targets).
PrepareForBuild:
  Creating directory "cmTC_edb13.dir\Debug\".
  Creating directory "H:\C++\SpaceShooterIII\lib\deps\openal-soft\CMakeFiles\CMakeTmp\Debug\".
InitializeBuildStatus:
  Creating "cmTC_edb13.dir\Debug\cmTC_edb13.unsuccessfulbuild" because "AlwaysCreate" was specified.
ClCompile:
  c:\Program Files (x86)\Microsoft Visual Studio 10.0\VC\bin\CL.exe /c /Zi /W3 /WX- /Od /Ob0 /Oy- /D WIN32 /D _WINDOWS /D HAVE_INLINE /D _LARGEFILE_SOURCE /D _LARGE_FILES /D restrict= /D _DEBUG /D "CMAKE_INTDIR=\"Debug\"" /D _MBCS /Gm- /RTC1 /MDd /GS /fp:precise /Zc:wchar_t /Zc:forScope /Fo"cmTC_edb13.dir\Debug\\" /Fd"cmTC_edb13.dir\Debug\vc100.pdb" /Gd /TC /analyze- /errorReport:queue src.c
  Microsoft (R) 32-bit C/C++ Optimizing Compiler Version 16.00.40219.01 for 80x86
  Copyright (C) Microsoft Corporation.  All rights reserved.
  
  cl /c /Zi /W3 /WX- /Od /Ob0 /Oy- /D WIN32 /D _WINDOWS /D HAVE_INLINE /D _LARGEFILE_SOURCE /D _LARGE_FILES /D restrict= /D _DEBUG /D "CMAKE_INTDIR=\"Debug\"" /D _MBCS /Gm- /RTC1 /MDd /GS /fp:precise /Zc:wchar_t /Zc:forScope /Fo"cmTC_edb13.dir\Debug\\" /Fd"cmTC_edb13.dir\Debug\vc100.pdb" /Gd /TC /analyze- /errorReport:queue src.c
  
  src.c
src.c(1): error C2054: expected '(' to follow 'inline' [H:\C++\SpaceShooterIII\lib\deps\openal-soft\CMakeFiles\CMakeTmp\cmTC_edb13.vcxproj]
src.c(1): error C2085: 'foo' : not in formal parameter list [H:\C++\SpaceShooterIII\lib\deps\openal-soft\CMakeFiles\CMakeTmp\cmTC_edb13.vcxproj]
src.c(1): error C2143: syntax error : missing ';' before '{' [H:\C++\SpaceShooterIII\lib\deps\openal-soft\CMakeFiles\CMakeTmp\cmTC_edb13.vcxproj]
Done Building Project "H:\C++\SpaceShooterIII\lib\deps\openal-soft\CMakeFiles\CMakeTmp\cmTC_edb13.vcxproj" (default targets) -- FAILED.

Build FAILED.

"H:\C++\SpaceShooterIII\lib\deps\openal-soft\CMakeFiles\CMakeTmp\cmTC_edb13.vcxproj" (default target) (1) ->
(ClCompile target) -> 
  src.c(1): error C2054: expected '(' to follow 'inline' [H:\C++\SpaceShooterIII\lib\deps\openal-soft\CMakeFiles\CMakeTmp\cmTC_edb13.vcxproj]
  src.c(1): error C2085: 'foo' : not in formal parameter list [H:\C++\SpaceShooterIII\lib\deps\openal-soft\CMakeFiles\CMakeTmp\cmTC_edb13.vcxproj]
  src.c(1): error C2143: syntax error : missing ';' before '{' [H:\C++\SpaceShooterIII\lib\deps\openal-soft\CMakeFiles\CMakeTmp\cmTC_edb13.vcxproj]

    0 Warning(s)
    3 Error(s)

Time Elapsed 00:00:00.29

Source file was:
inline void foo(void) { }
                             int main() {return 0;}
Performing C SOURCE FILE Test HAVE_C99_VLA failed with the following output:
Change Dir: H:/C++/SpaceShooterIII/lib/deps/openal-soft/CMakeFiles/CMakeTmp

Run Build Command:"C:/Windows/Microsoft.NET/Framework/v4.0.30319/MSBuild.exe" "cmTC_fd861.vcxproj" "/p:Configuration=Debug" "/p:VisualStudioVersion=10.0"
Microsoft (R) Build Engine version 4.6.1055.0
[Microsoft .NET Framework, version 4.0.30319.42000]
Copyright (C) Microsoft Corporation. All rights reserved.

Build started 4/14/2016 8:33:37 AM.
Project "H:\C++\SpaceShooterIII\lib\deps\openal-soft\CMakeFiles\CMakeTmp\cmTC_fd861.vcxproj" on node 1 (default targets).
PrepareForBuild:
  Creating directory "cmTC_fd861.dir\Debug\".
  Creating directory "H:\C++\SpaceShooterIII\lib\deps\openal-soft\CMakeFiles\CMakeTmp\Debug\".
InitializeBuildStatus:
  Creating "cmTC_fd861.dir\Debug\cmTC_fd861.unsuccessfulbuild" because "AlwaysCreate" was specified.
ClCompile:
  c:\Program Files (x86)\Microsoft Visual Studio 10.0\VC\bin\CL.exe /c /Zi /W3 /WX- /Od /Ob0 /Oy- /D WIN32 /D _WINDOWS /D HAVE_C99_VLA /D _LARGEFILE_SOURCE /D _LARGE_FILES /D restrict= /D inline=__inline /D _DEBUG /D "CMAKE_INTDIR=\"Debug\"" /D _MBCS /Gm- /RTC1 /MDd /GS /fp:precise /Zc:wchar_t /Zc:forScope /Fo"cmTC_fd861.dir\Debug\\" /Fd"cmTC_fd861.dir\Debug\vc100.pdb" /Gd /TC /analyze- /errorReport:queue src.c
  Microsoft (R) 32-bit C/C++ Optimizing Compiler Version 16.00.40219.01 for 80x86
  Copyright (C) Microsoft Corporation.  All rights reserved.
  
  cl /c /Zi /W3 /WX- /Od /Ob0 /Oy- /D WIN32 /D _WINDOWS /D HAVE_C99_VLA /D _LARGEFILE_SOURCE /D _LARGE_FILES /D restrict= /D inline=__inline /D _DEBUG /D "CMAKE_INTDIR=\"Debug\"" /D _MBCS /Gm- /RTC1 /MDd /GS /fp:precise /Zc:wchar_t /Zc:forScope /Fo"cmTC_fd861.dir\Debug\\" /Fd"cmTC_fd861.dir\Debug\vc100.pdb" /Gd /TC /analyze- /errorReport:queue src.c
  
  src.c
src.c(3): error C2057: expected constant expression [H:\C++\SpaceShooterIII\lib\deps\openal-soft\CMakeFiles\CMakeTmp\cmTC_fd861.vcxproj]
src.c(3): error C2466: cannot allocate an array of constant size 0 [H:\C++\SpaceShooterIII\lib\deps\openal-soft\CMakeFiles\CMakeTmp\cmTC_fd861.vcxproj]
src.c(3): error C2133: 'tmp' : unknown size [H:\C++\SpaceShooterIII\lib\deps\openal-soft\CMakeFiles\CMakeTmp\cmTC_fd861.vcxproj]
Done Building Project "H:\C++\SpaceShooterIII\lib\deps\openal-soft\CMakeFiles\CMakeTmp\cmTC_fd861.vcxproj" (default targets) -- FAILED.

Build FAILED.

"H:\C++\SpaceShooterIII\lib\deps\openal-soft\CMakeFiles\CMakeTmp\cmTC_fd861.vcxproj" (default target) (1) ->
(ClCompile target) -> 
  src.c(3): error C2057: expected constant expression [H:\C++\SpaceShooterIII\lib\deps\openal-soft\CMakeFiles\CMakeTmp\cmTC_fd861.vcxproj]
  src.c(3): error C2466: cannot allocate an array of constant size 0 [H:\C++\SpaceShooterIII\lib\deps\openal-soft\CMakeFiles\CMakeTmp\cmTC_fd861.vcxproj]
  src.c(3): error C2133: 'tmp' : unknown size [H:\C++\SpaceShooterIII\lib\deps\openal-soft\CMakeFiles\CMakeTmp\cmTC_fd861.vcxproj]

    0 Warning(s)
    3 Error(s)

Time Elapsed 00:00:00.41

Source file was:
int main(int argc, char *argv[])
 {
     volatile int tmp[argc];
     tmp[0] = argv[0][0];
     return tmp[0];
 }
Performing C SOURCE FILE Test HAVE_C99_BOOL failed with the following output:
Change Dir: H:/C++/SpaceShooterIII/lib/deps/openal-soft/CMakeFiles/CMakeTmp

Run Build Command:"C:/Windows/Microsoft.NET/Framework/v4.0.30319/MSBuild.exe" "cmTC_45dd6.vcxproj" "/p:Configuration=Debug" "/p:VisualStudioVersion=10.0"
Microsoft (R) Build Engine version 4.6.1055.0
[Microsoft .NET Framework, version 4.0.30319.42000]
Copyright (C) Microsoft Corporation. All rights reserved.

Build started 4/14/2016 8:33:39 AM.
Project "H:\C++\SpaceShooterIII\lib\deps\openal-soft\CMakeFiles\CMakeTmp\cmTC_45dd6.vcxproj" on node 1 (default targets).
PrepareForBuild:
  Creating directory "cmTC_45dd6.dir\Debug\".
  Creating directory "H:\C++\SpaceShooterIII\lib\deps\openal-soft\CMakeFiles\CMakeTmp\Debug\".
InitializeBuildStatus:
  Creating "cmTC_45dd6.dir\Debug\cmTC_45dd6.unsuccessfulbuild" because "AlwaysCreate" was specified.
ClCompile:
  c:\Program Files (x86)\Microsoft Visual Studio 10.0\VC\bin\CL.exe /c /Zi /W3 /WX- /Od /Ob0 /Oy- /D WIN32 /D _WINDOWS /D HAVE_C99_BOOL /D _LARGEFILE_SOURCE /D _LARGE_FILES /D restrict= /D inline=__inline /D _DEBUG /D "CMAKE_INTDIR=\"Debug\"" /D _MBCS /Gm- /RTC1 /MDd /GS /fp:precise /Zc:wchar_t /Zc:forScope /Fo"cmTC_45dd6.dir\Debug\\" /Fd"cmTC_45dd6.dir\Debug\vc100.pdb" /Gd /TC /analyze- /errorReport:queue src.c
  Microsoft (R) 32-bit C/C++ Optimizing Compiler Version 16.00.40219.01 for 80x86
  Copyright (C) Microsoft Corporation.  All rights reserved.
  
  cl /c /Zi /W3 /WX- /Od /Ob0 /Oy- /D WIN32 /D _WINDOWS /D HAVE_C99_BOOL /D _LARGEFILE_SOURCE /D _LARGE_FILES /D restrict= /D inline=__inline /D _DEBUG /D "CMAKE_INTDIR=\"Debug\"" /D _MBCS /Gm- /RTC1 /MDd /GS /fp:precise /Zc:wchar_t /Zc:forScope /Fo"cmTC_45dd6.dir\Debug\\" /Fd"cmTC_45dd6.dir\Debug\vc100.pdb" /Gd /TC /analyze- /errorReport:queue src.c
  
  src.c
src.c(3): error C2146: syntax error : missing ';' before identifier 'ret' [H:\C++\SpaceShooterIII\lib\deps\openal-soft\CMakeFiles\CMakeTmp\cmTC_45dd6.vcxproj]
src.c(3): error C2065: 'ret' : undeclared identifier [H:\C++\SpaceShooterIII\lib\deps\openal-soft\CMakeFiles\CMakeTmp\cmTC_45dd6.vcxproj]
src.c(4): error C2065: 'ret' : undeclared identifier [H:\C++\SpaceShooterIII\lib\deps\openal-soft\CMakeFiles\CMakeTmp\cmTC_45dd6.vcxproj]
src.c(5): error C2065: 'ret' : undeclared identifier [H:\C++\SpaceShooterIII\lib\deps\openal-soft\CMakeFiles\CMakeTmp\cmTC_45dd6.vcxproj]
Done Building Project "H:\C++\SpaceShooterIII\lib\deps\openal-soft\CMakeFiles\CMakeTmp\cmTC_45dd6.vcxproj" (default targets) -- FAILED.

Build FAILED.

"H:\C++\SpaceShooterIII\lib\deps\openal-soft\CMakeFiles\CMakeTmp\cmTC_45dd6.vcxproj" (default target) (1) ->
(ClCompile target) -> 
  src.c(3): error C2146: syntax error : missing ';' before identifier 'ret' [H:\C++\SpaceShooterIII\lib\deps\openal-soft\CMakeFiles\CMakeTmp\cmTC_45dd6.vcxproj]
  src.c(3): error C2065: 'ret' : undeclared identifier [H:\C++\SpaceShooterIII\lib\deps\openal-soft\CMakeFiles\CMakeTmp\cmTC_45dd6.vcxproj]
  src.c(4): error C2065: 'ret' : undeclared identifier [H:\C++\SpaceShooterIII\lib\deps\openal-soft\CMakeFiles\CMakeTmp\cmTC_45dd6.vcxproj]
  src.c(5): error C2065: 'ret' : undeclared identifier [H:\C++\SpaceShooterIII\lib\deps\openal-soft\CMakeFiles\CMakeTmp\cmTC_45dd6.vcxproj]

    0 Warning(s)
    4 Error(s)

Time Elapsed 00:00:00.29

Source file was:
int main(int argc, char *argv[])
 {
     volatile _Bool ret;
     ret = (argc > 1) ? 1 : 0;
     return ret ? -1 : 0;
 }
Performing C SOURCE FILE Test HAVE_C11_STATIC_ASSERT failed with the following output:
Change Dir: H:/C++/SpaceShooterIII/lib/deps/openal-soft/CMakeFiles/CMakeTmp

Run Build Command:"C:/Windows/Microsoft.NET/Framework/v4.0.30319/MSBuild.exe" "cmTC_97ab7.vcxproj" "/p:Configuration=Debug" "/p:VisualStudioVersion=10.0"
Microsoft (R) Build Engine version 4.6.1055.0
[Microsoft .NET Framework, version 4.0.30319.42000]
Copyright (C) Microsoft Corporation. All rights reserved.

Build started 4/14/2016 8:33:41 AM.
Project "H:\C++\SpaceShooterIII\lib\deps\openal-soft\CMakeFiles\CMakeTmp\cmTC_97ab7.vcxproj" on node 1 (default targets).
PrepareForBuild:
  Creating directory "cmTC_97ab7.dir\Debug\".
  Creating directory "H:\C++\SpaceShooterIII\lib\deps\openal-soft\CMakeFiles\CMakeTmp\Debug\".
InitializeBuildStatus:
  Creating "cmTC_97ab7.dir\Debug\cmTC_97ab7.unsuccessfulbuild" because "AlwaysCreate" was specified.
ClCompile:
  c:\Program Files (x86)\Microsoft Visual Studio 10.0\VC\bin\CL.exe /c /Zi /W3 /WX- /Od /Ob0 /Oy- /D WIN32 /D _WINDOWS /D HAVE_C11_STATIC_ASSERT /D _LARGEFILE_SOURCE /D _LARGE_FILES /D restrict= /D inline=__inline /D _DEBUG /D "CMAKE_INTDIR=\"Debug\"" /D _MBCS /Gm- /RTC1 /MDd /GS /fp:precise /Zc:wchar_t /Zc:forScope /Fo"cmTC_97ab7.dir\Debug\\" /Fd"cmTC_97ab7.dir\Debug\vc100.pdb" /Gd /TC /analyze- /errorReport:queue src.c
  Microsoft (R) 32-bit C/C++ Optimizing Compiler Version 16.00.40219.01 for 80x86
  Copyright (C) Microsoft Corporation.  All rights reserved.
  
  cl /c /Zi /W3 /WX- /Od /Ob0 /Oy- /D WIN32 /D _WINDOWS /D HAVE_C11_STATIC_ASSERT /D _LARGEFILE_SOURCE /D _LARGE_FILES /D restrict= /D inline=__inline /D _DEBUG /D "CMAKE_INTDIR=\"Debug\"" /D _MBCS /Gm- /RTC1 /MDd /GS /fp:precise /Zc:wchar_t /Zc:forScope /Fo"cmTC_97ab7.dir\Debug\\" /Fd"cmTC_97ab7.dir\Debug\vc100.pdb" /Gd /TC /analyze- /errorReport:queue src.c
  
  src.c
src.c(3): warning C4013: '_Static_assert' undefined; assuming extern returning int [H:\C++\SpaceShooterIII\lib\deps\openal-soft\CMakeFiles\CMakeTmp\cmTC_97ab7.vcxproj]
ManifestResourceCompile:
  c:\Program Files (x86)\Microsoft SDKs\Windows\v7.0A\bin\rc.exe /nologo /fo"cmTC_97ab7.dir\Debug\cmTC_97ab7.exe.embed.manifest.res" cmTC_97ab7.dir\Debug\cmTC_97ab7_manifest.rc 
Link:
  c:\Program Files (x86)\Microsoft Visual Studio 10.0\VC\bin\link.exe /ERRORREPORT:QUEUE /OUT:"H:\C++\SpaceShooterIII\lib\deps\openal-soft\CMakeFiles\CMakeTmp\Debug\cmTC_97ab7.exe" /INCREMENTAL /NOLOGO kernel32.lib user32.lib gdi32.lib winspool.lib shell32.lib ole32.lib oleaut32.lib uuid.lib comdlg32.lib advapi32.lib /MANIFEST /ManifestFile:"cmTC_97ab7.dir\Debug\cmTC_97ab7.exe.intermediate.manifest" /MANIFESTUAC:"level='asInvoker' uiAccess='false'" /DEBUG /PDB:"H:/C++/SpaceShooterIII/lib/deps/openal-soft/CMakeFiles/CMakeTmp/Debug/cmTC_97ab7.pdb" /SUBSYSTEM:CONSOLE /TLBID:1 /DYNAMICBASE /NXCOMPAT /IMPLIB:"H:/C++/SpaceShooterIII/lib/deps/openal-soft/CMakeFiles/CMakeTmp/Debug/cmTC_97ab7.lib" /MACHINE:X86 cmTC_97ab7.dir\Debug\cmTC_97ab7.exe.embed.manifest.res
  cmTC_97ab7.dir\Debug\src.obj  /machine:X86 
src.obj : error LNK2019: unresolved external symbol __Static_assert referenced in function _main [H:\C++\SpaceShooterIII\lib\deps\openal-soft\CMakeFiles\CMakeTmp\cmTC_97ab7.vcxproj]
H:\C++\SpaceShooterIII\lib\deps\openal-soft\CMakeFiles\CMakeTmp\Debug\cmTC_97ab7.exe : fatal error LNK1120: 1 unresolved externals [H:\C++\SpaceShooterIII\lib\deps\openal-soft\CMakeFiles\CMakeTmp\cmTC_97ab7.vcxproj]
Done Building Project "H:\C++\SpaceShooterIII\lib\deps\openal-soft\CMakeFiles\CMakeTmp\cmTC_97ab7.vcxproj" (default targets) -- FAILED.

Build FAILED.

"H:\C++\SpaceShooterIII\lib\deps\openal-soft\CMakeFiles\CMakeTmp\cmTC_97ab7.vcxproj" (default target) (1) ->
(ClCompile target) -> 
  src.c(3): warning C4013: '_Static_assert' undefined; assuming extern returning int [H:\C++\SpaceShooterIII\lib\deps\openal-soft\CMakeFiles\CMakeTmp\cmTC_97ab7.vcxproj]


"H:\C++\SpaceShooterIII\lib\deps\openal-soft\CMakeFiles\CMakeTmp\cmTC_97ab7.vcxproj" (default target) (1) ->
(Link target) -> 
  src.obj : error LNK2019: unresolved external symbol __Static_assert referenced in function _main [H:\C++\SpaceShooterIII\lib\deps\openal-soft\CMakeFiles\CMakeTmp\cmTC_97ab7.vcxproj]
  H:\C++\SpaceShooterIII\lib\deps\openal-soft\CMakeFiles\CMakeTmp\Debug\cmTC_97ab7.exe : fatal error LNK1120: 1 unresolved externals [H:\C++\SpaceShooterIII\lib\deps\openal-soft\CMakeFiles\CMakeTmp\cmTC_97ab7.vcxproj]

    1 Warning(s)
    2 Error(s)

Time Elapsed 00:00:01.21

Source file was:
int main()
 {
     _Static_assert(sizeof(int) == sizeof(int), "What");
     return 0;
 }
Performing C SOURCE FILE Test HAVE_C11_ALIGNAS failed with the following output:
Change Dir: H:/C++/SpaceShooterIII/lib/deps/openal-soft/CMakeFiles/CMakeTmp

Run Build Command:"C:/Windows/Microsoft.NET/Framework/v4.0.30319/MSBuild.exe" "cmTC_ba0a0.vcxproj" "/p:Configuration=Debug" "/p:VisualStudioVersion=10.0"
Microsoft (R) Build Engine version 4.6.1055.0
[Microsoft .NET Framework, version 4.0.30319.42000]
Copyright (C) Microsoft Corporation. All rights reserved.

Build started 4/14/2016 8:33:44 AM.
Project "H:\C++\SpaceShooterIII\lib\deps\openal-soft\CMakeFiles\CMakeTmp\cmTC_ba0a0.vcxproj" on node 1 (default targets).
PrepareForBuild:
  Creating directory "cmTC_ba0a0.dir\Debug\".
  Creating directory "H:\C++\SpaceShooterIII\lib\deps\openal-soft\CMakeFiles\CMakeTmp\Debug\".
InitializeBuildStatus:
  Creating "cmTC_ba0a0.dir\Debug\cmTC_ba0a0.unsuccessfulbuild" because "AlwaysCreate" was specified.
ClCompile:
  c:\Program Files (x86)\Microsoft Visual Studio 10.0\VC\bin\CL.exe /c /Zi /W3 /WX- /Od /Ob0 /Oy- /D WIN32 /D _WINDOWS /D HAVE_C11_ALIGNAS /D _LARGEFILE_SOURCE /D _LARGE_FILES /D restrict= /D inline=__inline /D _DEBUG /D "CMAKE_INTDIR=\"Debug\"" /D _MBCS /Gm- /RTC1 /MDd /GS /fp:precise /Zc:wchar_t /Zc:forScope /Fo"cmTC_ba0a0.dir\Debug\\" /Fd"cmTC_ba0a0.dir\Debug\vc100.pdb" /Gd /TC /analyze- /errorReport:queue src.c
  Microsoft (R) 32-bit C/C++ Optimizing Compiler Version 16.00.40219.01 for 80x86
  Copyright (C) Microsoft Corporation.  All rights reserved.
  
  cl /c /Zi /W3 /WX- /Od /Ob0 /Oy- /D WIN32 /D _WINDOWS /D HAVE_C11_ALIGNAS /D _LARGEFILE_SOURCE /D _LARGE_FILES /D restrict= /D inline=__inline /D _DEBUG /D "CMAKE_INTDIR=\"Debug\"" /D _MBCS /Gm- /RTC1 /MDd /GS /fp:precise /Zc:wchar_t /Zc:forScope /Fo"cmTC_ba0a0.dir\Debug\\" /Fd"cmTC_ba0a0.dir\Debug\vc100.pdb" /Gd /TC /analyze- /errorReport:queue src.c
  
  src.c
src.c(1): error C2143: syntax error : missing ')' before 'constant' [H:\C++\SpaceShooterIII\lib\deps\openal-soft\CMakeFiles\CMakeTmp\cmTC_ba0a0.vcxproj]
src.c(1): error C2143: syntax error : missing '{' before 'constant' [H:\C++\SpaceShooterIII\lib\deps\openal-soft\CMakeFiles\CMakeTmp\cmTC_ba0a0.vcxproj]
src.c(1): error C2059: syntax error : '<Unknown>' [H:\C++\SpaceShooterIII\lib\deps\openal-soft\CMakeFiles\CMakeTmp\cmTC_ba0a0.vcxproj]
src.c(1): error C2059: syntax error : ')' [H:\C++\SpaceShooterIII\lib\deps\openal-soft\CMakeFiles\CMakeTmp\cmTC_ba0a0.vcxproj]
Done Building Project "H:\C++\SpaceShooterIII\lib\deps\openal-soft\CMakeFiles\CMakeTmp\cmTC_ba0a0.vcxproj" (default targets) -- FAILED.

Build FAILED.

"H:\C++\SpaceShooterIII\lib\deps\openal-soft\CMakeFiles\CMakeTmp\cmTC_ba0a0.vcxproj" (default target) (1) ->
(ClCompile target) -> 
  src.c(1): error C2143: syntax error : missing ')' before 'constant' [H:\C++\SpaceShooterIII\lib\deps\openal-soft\CMakeFiles\CMakeTmp\cmTC_ba0a0.vcxproj]
  src.c(1): error C2143: syntax error : missing '{' before 'constant' [H:\C++\SpaceShooterIII\lib\deps\openal-soft\CMakeFiles\CMakeTmp\cmTC_ba0a0.vcxproj]
  src.c(1): error C2059: syntax error : '<Unknown>' [H:\C++\SpaceShooterIII\lib\deps\openal-soft\CMakeFiles\CMakeTmp\cmTC_ba0a0.vcxproj]
  src.c(1): error C2059: syntax error : ')' [H:\C++\SpaceShooterIII\lib\deps\openal-soft\CMakeFiles\CMakeTmp\cmTC_ba0a0.vcxproj]

    0 Warning(s)
    4 Error(s)

Time Elapsed 00:00:00.37

Source file was:
_Alignas(16) int foo;
 int main()
 {
     return 0;
 }
Performing C SOURCE FILE Test HAVE_C11_ATOMIC failed with the following output:
Change Dir: H:/C++/SpaceShooterIII/lib/deps/openal-soft/CMakeFiles/CMakeTmp

Run Build Command:"C:/Windows/Microsoft.NET/Framework/v4.0.30319/MSBuild.exe" "cmTC_e5b59.vcxproj" "/p:Configuration=Debug" "/p:VisualStudioVersion=10.0"
Microsoft (R) Build Engine version 4.6.1055.0
[Microsoft .NET Framework, version 4.0.30319.42000]
Copyright (C) Microsoft Corporation. All rights reserved.

Build started 4/14/2016 8:33:45 AM.
Project "H:\C++\SpaceShooterIII\lib\deps\openal-soft\CMakeFiles\CMakeTmp\cmTC_e5b59.vcxproj" on node 1 (default targets).
PrepareForBuild:
  Creating directory "cmTC_e5b59.dir\Debug\".
  Creating directory "H:\C++\SpaceShooterIII\lib\deps\openal-soft\CMakeFiles\CMakeTmp\Debug\".
InitializeBuildStatus:
  Creating "cmTC_e5b59.dir\Debug\cmTC_e5b59.unsuccessfulbuild" because "AlwaysCreate" was specified.
ClCompile:
  c:\Program Files (x86)\Microsoft Visual Studio 10.0\VC\bin\CL.exe /c /Zi /W3 /WX- /Od /Ob0 /Oy- /D WIN32 /D _WINDOWS /D HAVE_C11_ATOMIC /D _LARGEFILE_SOURCE /D _LARGE_FILES /D restrict= /D inline=__inline /D _DEBUG /D "CMAKE_INTDIR=\"Debug\"" /D _MBCS /Gm- /RTC1 /MDd /GS /fp:precise /Zc:wchar_t /Zc:forScope /Fo"cmTC_e5b59.dir\Debug\\" /Fd"cmTC_e5b59.dir\Debug\vc100.pdb" /Gd /TC /analyze- /errorReport:queue src.c
  Microsoft (R) 32-bit C/C++ Optimizing Compiler Version 16.00.40219.01 for 80x86
  Copyright (C) Microsoft Corporation.  All rights reserved.
  
  cl /c /Zi /W3 /WX- /Od /Ob0 /Oy- /D WIN32 /D _WINDOWS /D HAVE_C11_ATOMIC /D _LARGEFILE_SOURCE /D _LARGE_FILES /D restrict= /D inline=__inline /D _DEBUG /D "CMAKE_INTDIR=\"Debug\"" /D _MBCS /Gm- /RTC1 /MDd /GS /fp:precise /Zc:wchar_t /Zc:forScope /Fo"cmTC_e5b59.dir\Debug\\" /Fd"cmTC_e5b59.dir\Debug\vc100.pdb" /Gd /TC /analyze- /errorReport:queue src.c
  
  src.c
src.c(1): fatal error C1083: Cannot open include file: 'stdatomic.h': No such file or directory [H:\C++\SpaceShooterIII\lib\deps\openal-soft\CMakeFiles\CMakeTmp\cmTC_e5b59.vcxproj]
Done Building Project "H:\C++\SpaceShooterIII\lib\deps\openal-soft\CMakeFiles\CMakeTmp\cmTC_e5b59.vcxproj" (default targets) -- FAILED.

Build FAILED.

"H:\C++\SpaceShooterIII\lib\deps\openal-soft\CMakeFiles\CMakeTmp\cmTC_e5b59.vcxproj" (default target) (1) ->
(ClCompile target) -> 
  src.c(1): fatal error C1083: Cannot open include file: 'stdatomic.h': No such file or directory [H:\C++\SpaceShooterIII\lib\deps\openal-soft\CMakeFiles\CMakeTmp\cmTC_e5b59.vcxproj]

    0 Warning(s)
    1 Error(s)

Time Elapsed 00:00:00.32

Source file was:
#include <stdatomic.h>
 const int _Atomic foo = ATOMIC_VAR_INIT(~0);
 int main()
 {
     return atomic_load(&foo);
 }
Performing C SOURCE FILE Test HAVE_GCC_FORMAT failed with the following output:
Change Dir: H:/C++/SpaceShooterIII/lib/deps/openal-soft/CMakeFiles/CMakeTmp

Run Build Command:"C:/Windows/Microsoft.NET/Framework/v4.0.30319/MSBuild.exe" "cmTC_b1167.vcxproj" "/p:Configuration=Debug" "/p:VisualStudioVersion=10.0"
Microsoft (R) Build Engine version 4.6.1055.0
[Microsoft .NET Framework, version 4.0.30319.42000]
Copyright (C) Microsoft Corporation. All rights reserved.

Build started 4/14/2016 8:33:47 AM.
Project "H:\C++\SpaceShooterIII\lib\deps\openal-soft\CMakeFiles\CMakeTmp\cmTC_b1167.vcxproj" on node 1 (default targets).
PrepareForBuild:
  Creating directory "cmTC_b1167.dir\Debug\".
  Creating directory "H:\C++\SpaceShooterIII\lib\deps\openal-soft\CMakeFiles\CMakeTmp\Debug\".
InitializeBuildStatus:
  Creating "cmTC_b1167.dir\Debug\cmTC_b1167.unsuccessfulbuild" because "AlwaysCreate" was specified.
ClCompile:
  c:\Program Files (x86)\Microsoft Visual Studio 10.0\VC\bin\CL.exe /c /Zi /W3 /WX- /Od /Ob0 /Oy- /D WIN32 /D _WINDOWS /D HAVE_GCC_FORMAT /D _LARGEFILE_SOURCE /D _LARGE_FILES /D restrict= /D inline=__inline /D _DEBUG /D "CMAKE_INTDIR=\"Debug\"" /D _MBCS /Gm- /RTC1 /MDd /GS /fp:precise /Zc:wchar_t /Zc:forScope /Fo"cmTC_b1167.dir\Debug\\" /Fd"cmTC_b1167.dir\Debug\vc100.pdb" /Gd /TC /analyze- /errorReport:queue src.c
  Microsoft (R) 32-bit C/C++ Optimizing Compiler Version 16.00.40219.01 for 80x86
  Copyright (C) Microsoft Corporation.  All rights reserved.
  
  cl /c /Zi /W3 /WX- /Od /Ob0 /Oy- /D WIN32 /D _WINDOWS /D HAVE_GCC_FORMAT /D _LARGEFILE_SOURCE /D _LARGE_FILES /D restrict= /D inline=__inline /D _DEBUG /D "CMAKE_INTDIR=\"Debug\"" /D _MBCS /Gm- /RTC1 /MDd /GS /fp:precise /Zc:wchar_t /Zc:forScope /Fo"cmTC_b1167.dir\Debug\\" /Fd"cmTC_b1167.dir\Debug\vc100.pdb" /Gd /TC /analyze- /errorReport:queue src.c
  
  src.c
src.c(1): error C2061: syntax error : identifier '__attribute__' [H:\C++\SpaceShooterIII\lib\deps\openal-soft\CMakeFiles\CMakeTmp\cmTC_b1167.vcxproj]
src.c(1): error C2059: syntax error : ';' [H:\C++\SpaceShooterIII\lib\deps\openal-soft\CMakeFiles\CMakeTmp\cmTC_b1167.vcxproj]
src.c(1): error C2059: syntax error : ',' [H:\C++\SpaceShooterIII\lib\deps\openal-soft\CMakeFiles\CMakeTmp\cmTC_b1167.vcxproj]
src.c(1): error C2143: syntax error : missing ')' before 'constant' [H:\C++\SpaceShooterIII\lib\deps\openal-soft\CMakeFiles\CMakeTmp\cmTC_b1167.vcxproj]
src.c(1): error C2143: syntax error : missing ')' before 'constant' [H:\C++\SpaceShooterIII\lib\deps\openal-soft\CMakeFiles\CMakeTmp\cmTC_b1167.vcxproj]
Done Building Project "H:\C++\SpaceShooterIII\lib\deps\openal-soft\CMakeFiles\CMakeTmp\cmTC_b1167.vcxproj" (default targets) -- FAILED.

Build FAILED.

"H:\C++\SpaceShooterIII\lib\deps\openal-soft\CMakeFiles\CMakeTmp\cmTC_b1167.vcxproj" (default target) (1) ->
(ClCompile target) -> 
  src.c(1): error C2061: syntax error : identifier '__attribute__' [H:\C++\SpaceShooterIII\lib\deps\openal-soft\CMakeFiles\CMakeTmp\cmTC_b1167.vcxproj]
  src.c(1): error C2059: syntax error : ';' [H:\C++\SpaceShooterIII\lib\deps\openal-soft\CMakeFiles\CMakeTmp\cmTC_b1167.vcxproj]
  src.c(1): error C2059: syntax error : ',' [H:\C++\SpaceShooterIII\lib\deps\openal-soft\CMakeFiles\CMakeTmp\cmTC_b1167.vcxproj]
  src.c(1): error C2143: syntax error : missing ')' before 'constant' [H:\C++\SpaceShooterIII\lib\deps\openal-soft\CMakeFiles\CMakeTmp\cmTC_b1167.vcxproj]
  src.c(1): error C2143: syntax error : missing ')' before 'constant' [H:\C++\SpaceShooterIII\lib\deps\openal-soft\CMakeFiles\CMakeTmp\cmTC_b1167.vcxproj]

    0 Warning(s)
    5 Error(s)

Time Elapsed 00:00:00.43

Source file was:
int foo(const char *str, ...) __attribute__((format(printf, 1, 2)));
                         int main() {return 0;}
Determining if the include file stdbool.h exists failed with the following output:
Change Dir: H:/C++/SpaceShooterIII/lib/deps/openal-soft/CMakeFiles/CMakeTmp

Run Build Command:"C:/Windows/Microsoft.NET/Framework/v4.0.30319/MSBuild.exe" "cmTC_9b173.vcxproj" "/p:Configuration=Debug" "/p:VisualStudioVersion=10.0"
Microsoft (R) Build Engine version 4.6.1055.0
[Microsoft .NET Framework, version 4.0.30319.42000]
Copyright (C) Microsoft Corporation. All rights reserved.

Build started 4/14/2016 8:33:49 AM.
Project "H:\C++\SpaceShooterIII\lib\deps\openal-soft\CMakeFiles\CMakeTmp\cmTC_9b173.vcxproj" on node 1 (default targets).
PrepareForBuild:
  Creating directory "cmTC_9b173.dir\Debug\".
  Creating directory "H:\C++\SpaceShooterIII\lib\deps\openal-soft\CMakeFiles\CMakeTmp\Debug\".
InitializeBuildStatus:
  Creating "cmTC_9b173.dir\Debug\cmTC_9b173.unsuccessfulbuild" because "AlwaysCreate" was specified.
ClCompile:
  c:\Program Files (x86)\Microsoft Visual Studio 10.0\VC\bin\CL.exe /c /Zi /W3 /WX- /Od /Ob0 /Oy- /D WIN32 /D _WINDOWS /D _LARGEFILE_SOURCE /D _LARGE_FILES /D restrict= /D inline=__inline /D _DEBUG /D "CMAKE_INTDIR=\"Debug\"" /D _MBCS /Gm- /RTC1 /MDd /GS /fp:precise /Zc:wchar_t /Zc:forScope /Fo"cmTC_9b173.dir\Debug\\" /Fd"cmTC_9b173.dir\Debug\vc100.pdb" /Gd /TC /analyze- /errorReport:queue CheckIncludeFile.c
  Microsoft (R) 32-bit C/C++ Optimizing Compiler Version 16.00.40219.01 for 80x86
  Copyright (C) Microsoft Corporation.  All rights reserved.
  
  cl /c /Zi /W3 /WX- /Od /Ob0 /Oy- /D WIN32 /D _WINDOWS /D _LARGEFILE_SOURCE /D _LARGE_FILES /D restrict= /D inline=__inline /D _DEBUG /D "CMAKE_INTDIR=\"Debug\"" /D _MBCS /Gm- /RTC1 /MDd /GS /fp:precise /Zc:wchar_t /Zc:forScope /Fo"cmTC_9b173.dir\Debug\\" /Fd"cmTC_9b173.dir\Debug\vc100.pdb" /Gd /TC /analyze- /errorReport:queue CheckIncludeFile.c
  
  CheckIncludeFile.c
CheckIncludeFile.c(1): fatal error C1083: Cannot open include file: 'stdbool.h': No such file or directory [H:\C++\SpaceShooterIII\lib\deps\openal-soft\CMakeFiles\CMakeTmp\cmTC_9b173.vcxproj]
Done Building Project "H:\C++\SpaceShooterIII\lib\deps\openal-soft\CMakeFiles\CMakeTmp\cmTC_9b173.vcxproj" (default targets) -- FAILED.

Build FAILED.

"H:\C++\SpaceShooterIII\lib\deps\openal-soft\CMakeFiles\CMakeTmp\cmTC_9b173.vcxproj" (default target) (1) ->
(ClCompile target) -> 
  CheckIncludeFile.c(1): fatal error C1083: Cannot open include file: 'stdbool.h': No such file or directory [H:\C++\SpaceShooterIII\lib\deps\openal-soft\CMakeFiles\CMakeTmp\cmTC_9b173.vcxproj]

    0 Warning(s)
    1 Error(s)

Time Elapsed 00:00:00.31


Determining if the include file stdalign.h exists failed with the following output:
Change Dir: H:/C++/SpaceShooterIII/lib/deps/openal-soft/CMakeFiles/CMakeTmp

Run Build Command:"C:/Windows/Microsoft.NET/Framework/v4.0.30319/MSBuild.exe" "cmTC_abb88.vcxproj" "/p:Configuration=Debug" "/p:VisualStudioVersion=10.0"
Microsoft (R) Build Engine version 4.6.1055.0
[Microsoft .NET Framework, version 4.0.30319.42000]
Copyright (C) Microsoft Corporation. All rights reserved.

Build started 4/14/2016 8:33:50 AM.
Project "H:\C++\SpaceShooterIII\lib\deps\openal-soft\CMakeFiles\CMakeTmp\cmTC_abb88.vcxproj" on node 1 (default targets).
PrepareForBuild:
  Creating directory "cmTC_abb88.dir\Debug\".
  Creating directory "H:\C++\SpaceShooterIII\lib\deps\openal-soft\CMakeFiles\CMakeTmp\Debug\".
InitializeBuildStatus:
  Creating "cmTC_abb88.dir\Debug\cmTC_abb88.unsuccessfulbuild" because "AlwaysCreate" was specified.
ClCompile:
  c:\Program Files (x86)\Microsoft Visual Studio 10.0\VC\bin\CL.exe /c /Zi /W3 /WX- /Od /Ob0 /Oy- /D WIN32 /D _WINDOWS /D _LARGEFILE_SOURCE /D _LARGE_FILES /D restrict= /D inline=__inline /D _DEBUG /D "CMAKE_INTDIR=\"Debug\"" /D _MBCS /Gm- /RTC1 /MDd /GS /fp:precise /Zc:wchar_t /Zc:forScope /Fo"cmTC_abb88.dir\Debug\\" /Fd"cmTC_abb88.dir\Debug\vc100.pdb" /Gd /TC /analyze- /errorReport:queue CheckIncludeFile.c
  Microsoft (R) 32-bit C/C++ Optimizing Compiler Version 16.00.40219.01 for 80x86
  Copyright (C) Microsoft Corporation.  All rights reserved.
  
  cl /c /Zi /W3 /WX- /Od /Ob0 /Oy- /D WIN32 /D _WINDOWS /D _LARGEFILE_SOURCE /D _LARGE_FILES /D restrict= /D inline=__inline /D _DEBUG /D "CMAKE_INTDIR=\"Debug\"" /D _MBCS /Gm- /RTC1 /MDd /GS /fp:precise /Zc:wchar_t /Zc:forScope /Fo"cmTC_abb88.dir\Debug\\" /Fd"cmTC_abb88.dir\Debug\vc100.pdb" /Gd /TC /analyze- /errorReport:queue CheckIncludeFile.c
  
  CheckIncludeFile.c
CheckIncludeFile.c(1): fatal error C1083: Cannot open include file: 'stdalign.h': No such file or directory [H:\C++\SpaceShooterIII\lib\deps\openal-soft\CMakeFiles\CMakeTmp\cmTC_abb88.vcxproj]
Done Building Project "H:\C++\SpaceShooterIII\lib\deps\openal-soft\CMakeFiles\CMakeTmp\cmTC_abb88.vcxproj" (default targets) -- FAILED.

Build FAILED.

"H:\C++\SpaceShooterIII\lib\deps\openal-soft\CMakeFiles\CMakeTmp\cmTC_abb88.vcxproj" (default target) (1) ->
(ClCompile target) -> 
  CheckIncludeFile.c(1): fatal error C1083: Cannot open include file: 'stdalign.h': No such file or directory [H:\C++\SpaceShooterIII\lib\deps\openal-soft\CMakeFiles\CMakeTmp\cmTC_abb88.vcxproj]

    0 Warning(s)
    1 Error(s)

Time Elapsed 00:00:00.30


Determining if the include file dirent.h exists failed with the following output:
Change Dir: H:/C++/SpaceShooterIII/lib/deps/openal-soft/CMakeFiles/CMakeTmp

Run Build Command:"C:/Windows/Microsoft.NET/Framework/v4.0.30319/MSBuild.exe" "cmTC_46fa0.vcxproj" "/p:Configuration=Debug" "/p:VisualStudioVersion=10.0"
Microsoft (R) Build Engine version 4.6.1055.0
[Microsoft .NET Framework, version 4.0.30319.42000]
Copyright (C) Microsoft Corporation. All rights reserved.

Build started 4/14/2016 8:33:57 AM.
Project "H:\C++\SpaceShooterIII\lib\deps\openal-soft\CMakeFiles\CMakeTmp\cmTC_46fa0.vcxproj" on node 1 (default targets).
PrepareForBuild:
  Creating directory "cmTC_46fa0.dir\Debug\".
  Creating directory "H:\C++\SpaceShooterIII\lib\deps\openal-soft\CMakeFiles\CMakeTmp\Debug\".
InitializeBuildStatus:
  Creating "cmTC_46fa0.dir\Debug\cmTC_46fa0.unsuccessfulbuild" because "AlwaysCreate" was specified.
ClCompile:
  c:\Program Files (x86)\Microsoft Visual Studio 10.0\VC\bin\CL.exe /c /Zi /W3 /WX- /Od /Ob0 /Oy- /D WIN32 /D _WINDOWS /D _LARGEFILE_SOURCE /D _LARGE_FILES /D restrict= /D inline=__inline /D _DEBUG /D "CMAKE_INTDIR=\"Debug\"" /D _MBCS /Gm- /RTC1 /MDd /GS /fp:precise /Zc:wchar_t /Zc:forScope /Fo"cmTC_46fa0.dir\Debug\\" /Fd"cmTC_46fa0.dir\Debug\vc100.pdb" /Gd /TC /analyze- /errorReport:queue CheckIncludeFile.c
  Microsoft (R) 32-bit C/C++ Optimizing Compiler Version 16.00.40219.01 for 80x86
  Copyright (C) Microsoft Corporation.  All rights reserved.
  
  cl /c /Zi /W3 /WX- /Od /Ob0 /Oy- /D WIN32 /D _WINDOWS /D _LARGEFILE_SOURCE /D _LARGE_FILES /D restrict= /D inline=__inline /D _DEBUG /D "CMAKE_INTDIR=\"Debug\"" /D _MBCS /Gm- /RTC1 /MDd /GS /fp:precise /Zc:wchar_t /Zc:forScope /Fo"cmTC_46fa0.dir\Debug\\" /Fd"cmTC_46fa0.dir\Debug\vc100.pdb" /Gd /TC /analyze- /errorReport:queue CheckIncludeFile.c
  
  CheckIncludeFile.c
CheckIncludeFile.c(1): fatal error C1083: Cannot open include file: 'dirent.h': No such file or directory [H:\C++\SpaceShooterIII\lib\deps\openal-soft\CMakeFiles\CMakeTmp\cmTC_46fa0.vcxproj]
Done Building Project "H:\C++\SpaceShooterIII\lib\deps\openal-soft\CMakeFiles\CMakeTmp\cmTC_46fa0.vcxproj" (default targets) -- FAILED.

Build FAILED.

"H:\C++\SpaceShooterIII\lib\deps\openal-soft\CMakeFiles\CMakeTmp\cmTC_46fa0.vcxproj" (default target) (1) ->
(ClCompile target) -> 
  CheckIncludeFile.c(1): fatal error C1083: Cannot open include file: 'dirent.h': No such file or directory [H:\C++\SpaceShooterIII\lib\deps\openal-soft\CMakeFiles\CMakeTmp\cmTC_46fa0.vcxproj]

    0 Warning(s)
    1 Error(s)

Time Elapsed 00:00:00.41


Determining if the include file strings.h exists failed with the following output:
Change Dir: H:/C++/SpaceShooterIII/lib/deps/openal-soft/CMakeFiles/CMakeTmp

Run Build Command:"C:/Windows/Microsoft.NET/Framework/v4.0.30319/MSBuild.exe" "cmTC_4c873.vcxproj" "/p:Configuration=Debug" "/p:VisualStudioVersion=10.0"
Microsoft (R) Build Engine version 4.6.1055.0
[Microsoft .NET Framework, version 4.0.30319.42000]
Copyright (C) Microsoft Corporation. All rights reserved.

Build started 4/14/2016 8:33:59 AM.
Project "H:\C++\SpaceShooterIII\lib\deps\openal-soft\CMakeFiles\CMakeTmp\cmTC_4c873.vcxproj" on node 1 (default targets).
PrepareForBuild:
  Creating directory "cmTC_4c873.dir\Debug\".
  Creating directory "H:\C++\SpaceShooterIII\lib\deps\openal-soft\CMakeFiles\CMakeTmp\Debug\".
InitializeBuildStatus:
  Creating "cmTC_4c873.dir\Debug\cmTC_4c873.unsuccessfulbuild" because "AlwaysCreate" was specified.
ClCompile:
  c:\Program Files (x86)\Microsoft Visual Studio 10.0\VC\bin\CL.exe /c /Zi /W3 /WX- /Od /Ob0 /Oy- /D WIN32 /D _WINDOWS /D _LARGEFILE_SOURCE /D _LARGE_FILES /D restrict= /D inline=__inline /D _DEBUG /D "CMAKE_INTDIR=\"Debug\"" /D _MBCS /Gm- /RTC1 /MDd /GS /fp:precise /Zc:wchar_t /Zc:forScope /Fo"cmTC_4c873.dir\Debug\\" /Fd"cmTC_4c873.dir\Debug\vc100.pdb" /Gd /TC /analyze- /errorReport:queue CheckIncludeFile.c
  Microsoft (R) 32-bit C/C++ Optimizing Compiler Version 16.00.40219.01 for 80x86
  Copyright (C) Microsoft Corporation.  All rights reserved.
  
  cl /c /Zi /W3 /WX- /Od /Ob0 /Oy- /D WIN32 /D _WINDOWS /D _LARGEFILE_SOURCE /D _LARGE_FILES /D restrict= /D inline=__inline /D _DEBUG /D "CMAKE_INTDIR=\"Debug\"" /D _MBCS /Gm- /RTC1 /MDd /GS /fp:precise /Zc:wchar_t /Zc:forScope /Fo"cmTC_4c873.dir\Debug\\" /Fd"cmTC_4c873.dir\Debug\vc100.pdb" /Gd /TC /analyze- /errorReport:queue CheckIncludeFile.c
  
  CheckIncludeFile.c
CheckIncludeFile.c(1): fatal error C1083: Cannot open include file: 'strings.h': No such file or directory [H:\C++\SpaceShooterIII\lib\deps\openal-soft\CMakeFiles\CMakeTmp\cmTC_4c873.vcxproj]
Done Building Project "H:\C++\SpaceShooterIII\lib\deps\openal-soft\CMakeFiles\CMakeTmp\cmTC_4c873.vcxproj" (default targets) -- FAILED.

Build FAILED.

"H:\C++\SpaceShooterIII\lib\deps\openal-soft\CMakeFiles\CMakeTmp\cmTC_4c873.vcxproj" (default target) (1) ->
(ClCompile target) -> 
  CheckIncludeFile.c(1): fatal error C1083: Cannot open include file: 'strings.h': No such file or directory [H:\C++\SpaceShooterIII\lib\deps\openal-soft\CMakeFiles\CMakeTmp\cmTC_4c873.vcxproj]

    0 Warning(s)
    1 Error(s)

Time Elapsed 00:00:00.30


Determining if the include file cpuid.h exists failed with the following output:
Change Dir: H:/C++/SpaceShooterIII/lib/deps/openal-soft/CMakeFiles/CMakeTmp

Run Build Command:"C:/Windows/Microsoft.NET/Framework/v4.0.30319/MSBuild.exe" "cmTC_ae409.vcxproj" "/p:Configuration=Debug" "/p:VisualStudioVersion=10.0"
Microsoft (R) Build Engine version 4.6.1055.0
[Microsoft .NET Framework, version 4.0.30319.42000]
Copyright (C) Microsoft Corporation. All rights reserved.

Build started 4/14/2016 8:34:00 AM.
Project "H:\C++\SpaceShooterIII\lib\deps\openal-soft\CMakeFiles\CMakeTmp\cmTC_ae409.vcxproj" on node 1 (default targets).
PrepareForBuild:
  Creating directory "cmTC_ae409.dir\Debug\".
  Creating directory "H:\C++\SpaceShooterIII\lib\deps\openal-soft\CMakeFiles\CMakeTmp\Debug\".
InitializeBuildStatus:
  Creating "cmTC_ae409.dir\Debug\cmTC_ae409.unsuccessfulbuild" because "AlwaysCreate" was specified.
ClCompile:
  c:\Program Files (x86)\Microsoft Visual Studio 10.0\VC\bin\CL.exe /c /Zi /W3 /WX- /Od /Ob0 /Oy- /D WIN32 /D _WINDOWS /D _LARGEFILE_SOURCE /D _LARGE_FILES /D restrict= /D inline=__inline /D _DEBUG /D "CMAKE_INTDIR=\"Debug\"" /D _MBCS /Gm- /RTC1 /MDd /GS /fp:precise /Zc:wchar_t /Zc:forScope /Fo"cmTC_ae409.dir\Debug\\" /Fd"cmTC_ae409.dir\Debug\vc100.pdb" /Gd /TC /analyze- /errorReport:queue CheckIncludeFile.c
  Microsoft (R) 32-bit C/C++ Optimizing Compiler Version 16.00.40219.01 for 80x86
  Copyright (C) Microsoft Corporation.  All rights reserved.
  
  cl /c /Zi /W3 /WX- /Od /Ob0 /Oy- /D WIN32 /D _WINDOWS /D _LARGEFILE_SOURCE /D _LARGE_FILES /D restrict= /D inline=__inline /D _DEBUG /D "CMAKE_INTDIR=\"Debug\"" /D _MBCS /Gm- /RTC1 /MDd /GS /fp:precise /Zc:wchar_t /Zc:forScope /Fo"cmTC_ae409.dir\Debug\\" /Fd"cmTC_ae409.dir\Debug\vc100.pdb" /Gd /TC /analyze- /errorReport:queue CheckIncludeFile.c
  
  CheckIncludeFile.c
CheckIncludeFile.c(1): fatal error C1083: Cannot open include file: 'cpuid.h': No such file or directory [H:\C++\SpaceShooterIII\lib\deps\openal-soft\CMakeFiles\CMakeTmp\cmTC_ae409.vcxproj]
Done Building Project "H:\C++\SpaceShooterIII\lib\deps\openal-soft\CMakeFiles\CMakeTmp\cmTC_ae409.vcxproj" (default targets) -- FAILED.

Build FAILED.

"H:\C++\SpaceShooterIII\lib\deps\openal-soft\CMakeFiles\CMakeTmp\cmTC_ae409.vcxproj" (default target) (1) ->
(ClCompile target) -> 
  CheckIncludeFile.c(1): fatal error C1083: Cannot open include file: 'cpuid.h': No such file or directory [H:\C++\SpaceShooterIII\lib\deps\openal-soft\CMakeFiles\CMakeTmp\cmTC_ae409.vcxproj]

    0 Warning(s)
    1 Error(s)

Time Elapsed 00:00:00.31


Determining if the include file sys/sysconf.h exists failed with the following output:
Change Dir: H:/C++/SpaceShooterIII/lib/deps/openal-soft/CMakeFiles/CMakeTmp

Run Build Command:"C:/Windows/Microsoft.NET/Framework/v4.0.30319/MSBuild.exe" "cmTC_3ec9a.vcxproj" "/p:Configuration=Debug" "/p:VisualStudioVersion=10.0"
Microsoft (R) Build Engine version 4.6.1055.0
[Microsoft .NET Framework, version 4.0.30319.42000]
Copyright (C) Microsoft Corporation. All rights reserved.

Build started 4/14/2016 8:34:07 AM.
Project "H:\C++\SpaceShooterIII\lib\deps\openal-soft\CMakeFiles\CMakeTmp\cmTC_3ec9a.vcxproj" on node 1 (default targets).
PrepareForBuild:
  Creating directory "cmTC_3ec9a.dir\Debug\".
  Creating directory "H:\C++\SpaceShooterIII\lib\deps\openal-soft\CMakeFiles\CMakeTmp\Debug\".
InitializeBuildStatus:
  Creating "cmTC_3ec9a.dir\Debug\cmTC_3ec9a.unsuccessfulbuild" because "AlwaysCreate" was specified.
ClCompile:
  c:\Program Files (x86)\Microsoft Visual Studio 10.0\VC\bin\CL.exe /c /Zi /W3 /WX- /Od /Ob0 /Oy- /D WIN32 /D _WINDOWS /D _LARGEFILE_SOURCE /D _LARGE_FILES /D restrict= /D inline=__inline /D _DEBUG /D "CMAKE_INTDIR=\"Debug\"" /D _MBCS /Gm- /RTC1 /MDd /GS /fp:precise /Zc:wchar_t /Zc:forScope /Fo"cmTC_3ec9a.dir\Debug\\" /Fd"cmTC_3ec9a.dir\Debug\vc100.pdb" /Gd /TC /analyze- /errorReport:queue CheckIncludeFile.c
  Microsoft (R) 32-bit C/C++ Optimizing Compiler Version 16.00.40219.01 for 80x86
  Copyright (C) Microsoft Corporation.  All rights reserved.
  
  cl /c /Zi /W3 /WX- /Od /Ob0 /Oy- /D WIN32 /D _WINDOWS /D _LARGEFILE_SOURCE /D _LARGE_FILES /D restrict= /D inline=__inline /D _DEBUG /D "CMAKE_INTDIR=\"Debug\"" /D _MBCS /Gm- /RTC1 /MDd /GS /fp:precise /Zc:wchar_t /Zc:forScope /Fo"cmTC_3ec9a.dir\Debug\\" /Fd"cmTC_3ec9a.dir\Debug\vc100.pdb" /Gd /TC /analyze- /errorReport:queue CheckIncludeFile.c
  
  CheckIncludeFile.c
CheckIncludeFile.c(1): fatal error C1083: Cannot open include file: 'sys/sysconf.h': No such file or directory [H:\C++\SpaceShooterIII\lib\deps\openal-soft\CMakeFiles\CMakeTmp\cmTC_3ec9a.vcxproj]
Done Building Project "H:\C++\SpaceShooterIII\lib\deps\openal-soft\CMakeFiles\CMakeTmp\cmTC_3ec9a.vcxproj" (default targets) -- FAILED.

Build FAILED.

"H:\C++\SpaceShooterIII\lib\deps\openal-soft\CMakeFiles\CMakeTmp\cmTC_3ec9a.vcxproj" (default target) (1) ->
(ClCompile target) -> 
  CheckIncludeFile.c(1): fatal error C1083: Cannot open include file: 'sys/sysconf.h': No such file or directory [H:\C++\SpaceShooterIII\lib\deps\openal-soft\CMakeFiles\CMakeTmp\cmTC_3ec9a.vcxproj]

    0 Warning(s)
    1 Error(s)

Time Elapsed 00:00:00.36


Determining if the include file fenv.h exists failed with the following output:
Change Dir: H:/C++/SpaceShooterIII/lib/deps/openal-soft/CMakeFiles/CMakeTmp

Run Build Command:"C:/Windows/Microsoft.NET/Framework/v4.0.30319/MSBuild.exe" "cmTC_f09ba.vcxproj" "/p:Configuration=Debug" "/p:VisualStudioVersion=10.0"
Microsoft (R) Build Engine version 4.6.1055.0
[Microsoft .NET Framework, version 4.0.30319.42000]
Copyright (C) Microsoft Corporation. All rights reserved.

Build started 4/14/2016 8:34:09 AM.
Project "H:\C++\SpaceShooterIII\lib\deps\openal-soft\CMakeFiles\CMakeTmp\cmTC_f09ba.vcxproj" on node 1 (default targets).
PrepareForBuild:
  Creating directory "cmTC_f09ba.dir\Debug\".
  Creating directory "H:\C++\SpaceShooterIII\lib\deps\openal-soft\CMakeFiles\CMakeTmp\Debug\".
InitializeBuildStatus:
  Creating "cmTC_f09ba.dir\Debug\cmTC_f09ba.unsuccessfulbuild" because "AlwaysCreate" was specified.
ClCompile:
  c:\Program Files (x86)\Microsoft Visual Studio 10.0\VC\bin\CL.exe /c /Zi /W3 /WX- /Od /Ob0 /Oy- /D WIN32 /D _WINDOWS /D _LARGEFILE_SOURCE /D _LARGE_FILES /D restrict= /D inline=__inline /D _DEBUG /D "CMAKE_INTDIR=\"Debug\"" /D _MBCS /Gm- /RTC1 /MDd /GS /fp:precise /Zc:wchar_t /Zc:forScope /Fo"cmTC_f09ba.dir\Debug\\" /Fd"cmTC_f09ba.dir\Debug\vc100.pdb" /Gd /TC /analyze- /errorReport:queue CheckIncludeFile.c
  Microsoft (R) 32-bit C/C++ Optimizing Compiler Version 16.00.40219.01 for 80x86
  Copyright (C) Microsoft Corporation.  All rights reserved.
  
  cl /c /Zi /W3 /WX- /Od /Ob0 /Oy- /D WIN32 /D _WINDOWS /D _LARGEFILE_SOURCE /D _LARGE_FILES /D restrict= /D inline=__inline /D _DEBUG /D "CMAKE_INTDIR=\"Debug\"" /D _MBCS /Gm- /RTC1 /MDd /GS /fp:precise /Zc:wchar_t /Zc:forScope /Fo"cmTC_f09ba.dir\Debug\\" /Fd"cmTC_f09ba.dir\Debug\vc100.pdb" /Gd /TC /analyze- /errorReport:queue CheckIncludeFile.c
  
  CheckIncludeFile.c
CheckIncludeFile.c(1): fatal error C1083: Cannot open include file: 'fenv.h': No such file or directory [H:\C++\SpaceShooterIII\lib\deps\openal-soft\CMakeFiles\CMakeTmp\cmTC_f09ba.vcxproj]
Done Building Project "H:\C++\SpaceShooterIII\lib\deps\openal-soft\CMakeFiles\CMakeTmp\cmTC_f09ba.vcxproj" (default targets) -- FAILED.

Build FAILED.

"H:\C++\SpaceShooterIII\lib\deps\openal-soft\CMakeFiles\CMakeTmp\cmTC_f09ba.vcxproj" (default target) (1) ->
(ClCompile target) -> 
  CheckIncludeFile.c(1): fatal error C1083: Cannot open include file: 'fenv.h': No such file or directory [H:\C++\SpaceShooterIII\lib\deps\openal-soft\CMakeFiles\CMakeTmp\cmTC_f09ba.vcxproj]

    0 Warning(s)
    1 Error(s)

Time Elapsed 00:00:00.33


Determining if the include file ieeefp.h exists failed with the following output:
Change Dir: H:/C++/SpaceShooterIII/lib/deps/openal-soft/CMakeFiles/CMakeTmp

Run Build Command:"C:/Windows/Microsoft.NET/Framework/v4.0.30319/MSBuild.exe" "cmTC_89e22.vcxproj" "/p:Configuration=Debug" "/p:VisualStudioVersion=10.0"
Microsoft (R) Build Engine version 4.6.1055.0
[Microsoft .NET Framework, version 4.0.30319.42000]
Copyright (C) Microsoft Corporation. All rights reserved.

Build started 4/14/2016 8:34:16 AM.
Project "H:\C++\SpaceShooterIII\lib\deps\openal-soft\CMakeFiles\CMakeTmp\cmTC_89e22.vcxproj" on node 1 (default targets).
PrepareForBuild:
  Creating directory "cmTC_89e22.dir\Debug\".
  Creating directory "H:\C++\SpaceShooterIII\lib\deps\openal-soft\CMakeFiles\CMakeTmp\Debug\".
InitializeBuildStatus:
  Creating "cmTC_89e22.dir\Debug\cmTC_89e22.unsuccessfulbuild" because "AlwaysCreate" was specified.
ClCompile:
  c:\Program Files (x86)\Microsoft Visual Studio 10.0\VC\bin\CL.exe /c /Zi /W3 /WX- /Od /Ob0 /Oy- /D WIN32 /D _WINDOWS /D _LARGEFILE_SOURCE /D _LARGE_FILES /D restrict= /D inline=__inline /D _DEBUG /D "CMAKE_INTDIR=\"Debug\"" /D _MBCS /Gm- /RTC1 /MDd /GS /fp:precise /Zc:wchar_t /Zc:forScope /Fo"cmTC_89e22.dir\Debug\\" /Fd"cmTC_89e22.dir\Debug\vc100.pdb" /Gd /TC /analyze- /errorReport:queue CheckIncludeFile.c
  Microsoft (R) 32-bit C/C++ Optimizing Compiler Version 16.00.40219.01 for 80x86
  Copyright (C) Microsoft Corporation.  All rights reserved.
  
  cl /c /Zi /W3 /WX- /Od /Ob0 /Oy- /D WIN32 /D _WINDOWS /D _LARGEFILE_SOURCE /D _LARGE_FILES /D restrict= /D inline=__inline /D _DEBUG /D "CMAKE_INTDIR=\"Debug\"" /D _MBCS /Gm- /RTC1 /MDd /GS /fp:precise /Zc:wchar_t /Zc:forScope /Fo"cmTC_89e22.dir\Debug\\" /Fd"cmTC_89e22.dir\Debug\vc100.pdb" /Gd /TC /analyze- /errorReport:queue CheckIncludeFile.c
  
  CheckIncludeFile.c
CheckIncludeFile.c(1): fatal error C1083: Cannot open include file: 'ieeefp.h': No such file or directory [H:\C++\SpaceShooterIII\lib\deps\openal-soft\CMakeFiles\CMakeTmp\cmTC_89e22.vcxproj]
Done Building Project "H:\C++\SpaceShooterIII\lib\deps\openal-soft\CMakeFiles\CMakeTmp\cmTC_89e22.vcxproj" (default targets) -- FAILED.

Build FAILED.

"H:\C++\SpaceShooterIII\lib\deps\openal-soft\CMakeFiles\CMakeTmp\cmTC_89e22.vcxproj" (default target) (1) ->
(ClCompile target) -> 
  CheckIncludeFile.c(1): fatal error C1083: Cannot open include file: 'ieeefp.h': No such file or directory [H:\C++\SpaceShooterIII\lib\deps\openal-soft\CMakeFiles\CMakeTmp\cmTC_89e22.vcxproj]

    0 Warning(s)
    1 Error(s)

Time Elapsed 00:00:00.30


Determining if the function pow exists in the m failed with the following output:
Change Dir: H:/C++/SpaceShooterIII/lib/deps/openal-soft/CMakeFiles/CMakeTmp

Run Build Command:"C:/Windows/Microsoft.NET/Framework/v4.0.30319/MSBuild.exe" "cmTC_c2b66.vcxproj" "/p:Configuration=Debug" "/p:VisualStudioVersion=10.0"
Microsoft (R) Build Engine version 4.6.1055.0
[Microsoft .NET Framework, version 4.0.30319.42000]
Copyright (C) Microsoft Corporation. All rights reserved.

Build started 4/14/2016 8:34:23 AM.
Project "H:\C++\SpaceShooterIII\lib\deps\openal-soft\CMakeFiles\CMakeTmp\cmTC_c2b66.vcxproj" on node 1 (default targets).
PrepareForBuild:
  Creating directory "cmTC_c2b66.dir\Debug\".
  Creating directory "H:\C++\SpaceShooterIII\lib\deps\openal-soft\CMakeFiles\CMakeTmp\Debug\".
InitializeBuildStatus:
  Creating "cmTC_c2b66.dir\Debug\cmTC_c2b66.unsuccessfulbuild" because "AlwaysCreate" was specified.
ClCompile:
  c:\Program Files (x86)\Microsoft Visual Studio 10.0\VC\bin\CL.exe /c /Zi /W3 /WX- /Od /Ob0 /Oy- /D WIN32 /D _WINDOWS /D CHECK_FUNCTION_EXISTS=pow /D _LARGEFILE_SOURCE /D _LARGE_FILES /D restrict= /D inline=__inline /D _DEBUG /D "CMAKE_INTDIR=\"Debug\"" /D _MBCS /Gm- /RTC1 /MDd /GS /fp:precise /Zc:wchar_t /Zc:forScope /Fo"cmTC_c2b66.dir\Debug\\" /Fd"cmTC_c2b66.dir\Debug\vc100.pdb" /Gd /TC /analyze- /errorReport:queue "..\..\..\..\..\..\..\cmake-3.5.1-win32-x86\share\cmake-3.5\Modules\CheckFunctionExists.c"
  Microsoft (R) 32-bit C/C++ Optimizing Compiler Version 16.00.40219.01 for 80x86
  Copyright (C) Microsoft Corporation.  All rights reserved.
  
  cl /c /Zi /W3 /WX- /Od /Ob0 /Oy- /D WIN32 /D _WINDOWS /D CHECK_FUNCTION_EXISTS=pow /D _LARGEFILE_SOURCE /D _LARGE_FILES /D restrict= /D inline=__inline /D _DEBUG /D "CMAKE_INTDIR=\"Debug\"" /D _MBCS /Gm- /RTC1 /MDd /GS /fp:precise /Zc:wchar_t /Zc:forScope /Fo"cmTC_c2b66.dir\Debug\\" /Fd"cmTC_c2b66.dir\Debug\vc100.pdb" /Gd /TC /analyze- /errorReport:queue "..\..\..\..\..\..\..\cmake-3.5.1-win32-x86\share\cmake-3.5\Modules\CheckFunctionExists.c"
  
  CheckFunctionExists.c
ManifestResourceCompile:
  c:\Program Files (x86)\Microsoft SDKs\Windows\v7.0A\bin\rc.exe /nologo /fo"cmTC_c2b66.dir\Debug\cmTC_c2b66.exe.embed.manifest.res" cmTC_c2b66.dir\Debug\cmTC_c2b66_manifest.rc 
Link:
  c:\Program Files (x86)\Microsoft Visual Studio 10.0\VC\bin\link.exe /ERRORREPORT:QUEUE /OUT:"H:\C++\SpaceShooterIII\lib\deps\openal-soft\CMakeFiles\CMakeTmp\Debug\cmTC_c2b66.exe" /INCREMENTAL /NOLOGO kernel32.lib user32.lib gdi32.lib winspool.lib shell32.lib ole32.lib oleaut32.lib uuid.lib comdlg32.lib advapi32.lib m.lib /MANIFEST /ManifestFile:"cmTC_c2b66.dir\Debug\cmTC_c2b66.exe.intermediate.manifest" /MANIFESTUAC:"level='asInvoker' uiAccess='false'" /DEBUG /PDB:"H:/C++/SpaceShooterIII/lib/deps/openal-soft/CMakeFiles/CMakeTmp/Debug/cmTC_c2b66.pdb" /SUBSYSTEM:CONSOLE /TLBID:1 /DYNAMICBASE /NXCOMPAT /IMPLIB:"H:/C++/SpaceShooterIII/lib/deps/openal-soft/CMakeFiles/CMakeTmp/Debug/cmTC_c2b66.lib" /MACHINE:X86 cmTC_c2b66.dir\Debug\cmTC_c2b66.exe.embed.manifest.res
  cmTC_c2b66.dir\Debug\CheckFunctionExists.obj  /machine:X86 
LINK : fatal error LNK1104: cannot open file 'm.lib' [H:\C++\SpaceShooterIII\lib\deps\openal-soft\CMakeFiles\CMakeTmp\cmTC_c2b66.vcxproj]
Done Building Project "H:\C++\SpaceShooterIII\lib\deps\openal-soft\CMakeFiles\CMakeTmp\cmTC_c2b66.vcxproj" (default targets) -- FAILED.

Build FAILED.

"H:\C++\SpaceShooterIII\lib\deps\openal-soft\CMakeFiles\CMakeTmp\cmTC_c2b66.vcxproj" (default target) (1) ->
(Link target) -> 
  LINK : fatal error LNK1104: cannot open file 'm.lib' [H:\C++\SpaceShooterIII\lib\deps\openal-soft\CMakeFiles\CMakeTmp\cmTC_c2b66.vcxproj]

    0 Warning(s)
    1 Error(s)

Time Elapsed 00:00:00.94


Determining if the function dlopen exists in the dl failed with the following output:
Change Dir: H:/C++/SpaceShooterIII/lib/deps/openal-soft/CMakeFiles/CMakeTmp

Run Build Command:"C:/Windows/Microsoft.NET/Framework/v4.0.30319/MSBuild.exe" "cmTC_9ce6a.vcxproj" "/p:Configuration=Debug" "/p:VisualStudioVersion=10.0"
Microsoft (R) Build Engine version 4.6.1055.0
[Microsoft .NET Framework, version 4.0.30319.42000]
Copyright (C) Microsoft Corporation. All rights reserved.

Build started 4/14/2016 8:34:25 AM.
Project "H:\C++\SpaceShooterIII\lib\deps\openal-soft\CMakeFiles\CMakeTmp\cmTC_9ce6a.vcxproj" on node 1 (default targets).
PrepareForBuild:
  Creating directory "cmTC_9ce6a.dir\Debug\".
  Creating directory "H:\C++\SpaceShooterIII\lib\deps\openal-soft\CMakeFiles\CMakeTmp\Debug\".
InitializeBuildStatus:
  Creating "cmTC_9ce6a.dir\Debug\cmTC_9ce6a.unsuccessfulbuild" because "AlwaysCreate" was specified.
ClCompile:
  c:\Program Files (x86)\Microsoft Visual Studio 10.0\VC\bin\CL.exe /c /Zi /W3 /WX- /Od /Ob0 /Oy- /D WIN32 /D _WINDOWS /D CHECK_FUNCTION_EXISTS=dlopen /D _LARGEFILE_SOURCE /D _LARGE_FILES /D restrict= /D inline=__inline /D _DEBUG /D "CMAKE_INTDIR=\"Debug\"" /D _MBCS /Gm- /RTC1 /MDd /GS /fp:precise /Zc:wchar_t /Zc:forScope /Fo"cmTC_9ce6a.dir\Debug\\" /Fd"cmTC_9ce6a.dir\Debug\vc100.pdb" /Gd /TC /analyze- /errorReport:queue "..\..\..\..\..\..\..\cmake-3.5.1-win32-x86\share\cmake-3.5\Modules\CheckFunctionExists.c"
  Microsoft (R) 32-bit C/C++ Optimizing Compiler Version 16.00.40219.01 for 80x86
  Copyright (C) Microsoft Corporation.  All rights reserved.
  
  cl /c /Zi /W3 /WX- /Od /Ob0 /Oy- /D WIN32 /D _WINDOWS /D CHECK_FUNCTION_EXISTS=dlopen /D _LARGEFILE_SOURCE /D _LARGE_FILES /D restrict= /D inline=__inline /D _DEBUG /D "CMAKE_INTDIR=\"Debug\"" /D _MBCS /Gm- /RTC1 /MDd /GS /fp:precise /Zc:wchar_t /Zc:forScope /Fo"cmTC_9ce6a.dir\Debug\\" /Fd"cmTC_9ce6a.dir\Debug\vc100.pdb" /Gd /TC /analyze- /errorReport:queue "..\..\..\..\..\..\..\cmake-3.5.1-win32-x86\share\cmake-3.5\Modules\CheckFunctionExists.c"
  
  CheckFunctionExists.c
ManifestResourceCompile:
  c:\Program Files (x86)\Microsoft SDKs\Windows\v7.0A\bin\rc.exe /nologo /fo"cmTC_9ce6a.dir\Debug\cmTC_9ce6a.exe.embed.manifest.res" cmTC_9ce6a.dir\Debug\cmTC_9ce6a_manifest.rc 
Link:
  c:\Program Files (x86)\Microsoft Visual Studio 10.0\VC\bin\link.exe /ERRORREPORT:QUEUE /OUT:"H:\C++\SpaceShooterIII\lib\deps\openal-soft\CMakeFiles\CMakeTmp\Debug\cmTC_9ce6a.exe" /INCREMENTAL /NOLOGO kernel32.lib user32.lib gdi32.lib winspool.lib shell32.lib ole32.lib oleaut32.lib uuid.lib comdlg32.lib advapi32.lib dl.lib /MANIFEST /ManifestFile:"cmTC_9ce6a.dir\Debug\cmTC_9ce6a.exe.intermediate.manifest" /MANIFESTUAC:"level='asInvoker' uiAccess='false'" /DEBUG /PDB:"H:/C++/SpaceShooterIII/lib/deps/openal-soft/CMakeFiles/CMakeTmp/Debug/cmTC_9ce6a.pdb" /SUBSYSTEM:CONSOLE /TLBID:1 /DYNAMICBASE /NXCOMPAT /IMPLIB:"H:/C++/SpaceShooterIII/lib/deps/openal-soft/CMakeFiles/CMakeTmp/Debug/cmTC_9ce6a.lib" /MACHINE:X86 cmTC_9ce6a.dir\Debug\cmTC_9ce6a.exe.embed.manifest.res
  cmTC_9ce6a.dir\Debug\CheckFunctionExists.obj  /machine:X86 
LINK : fatal error LNK1104: cannot open file 'dl.lib' [H:\C++\SpaceShooterIII\lib\deps\openal-soft\CMakeFiles\CMakeTmp\cmTC_9ce6a.vcxproj]
Done Building Project "H:\C++\SpaceShooterIII\lib\deps\openal-soft\CMakeFiles\CMakeTmp\cmTC_9ce6a.vcxproj" (default targets) -- FAILED.

Build FAILED.

"H:\C++\SpaceShooterIII\lib\deps\openal-soft\CMakeFiles\CMakeTmp\cmTC_9ce6a.vcxproj" (default target) (1) ->
(Link target) -> 
  LINK : fatal error LNK1104: cannot open file 'dl.lib' [H:\C++\SpaceShooterIII\lib\deps\openal-soft\CMakeFiles\CMakeTmp\cmTC_9ce6a.vcxproj]

    0 Warning(s)
    1 Error(s)

Time Elapsed 00:00:00.96


Determining if the include file dlfcn.h exists failed with the following output:
Change Dir: H:/C++/SpaceShooterIII/lib/deps/openal-soft/CMakeFiles/CMakeTmp

Run Build Command:"C:/Windows/Microsoft.NET/Framework/v4.0.30319/MSBuild.exe" "cmTC_36359.vcxproj" "/p:Configuration=Debug" "/p:VisualStudioVersion=10.0"
Microsoft (R) Build Engine version 4.6.1055.0
[Microsoft .NET Framework, version 4.0.30319.42000]
Copyright (C) Microsoft Corporation. All rights reserved.

Build started 4/14/2016 8:34:28 AM.
Project "H:\C++\SpaceShooterIII\lib\deps\openal-soft\CMakeFiles\CMakeTmp\cmTC_36359.vcxproj" on node 1 (default targets).
PrepareForBuild:
  Creating directory "cmTC_36359.dir\Debug\".
  Creating directory "H:\C++\SpaceShooterIII\lib\deps\openal-soft\CMakeFiles\CMakeTmp\Debug\".
InitializeBuildStatus:
  Creating "cmTC_36359.dir\Debug\cmTC_36359.unsuccessfulbuild" because "AlwaysCreate" was specified.
ClCompile:
  c:\Program Files (x86)\Microsoft Visual Studio 10.0\VC\bin\CL.exe /c /Zi /W3 /WX- /Od /Ob0 /Oy- /D WIN32 /D _WINDOWS /D _LARGEFILE_SOURCE /D _LARGE_FILES /D restrict= /D inline=__inline /D _DEBUG /D "CMAKE_INTDIR=\"Debug\"" /D _MBCS /Gm- /RTC1 /MDd /GS /fp:precise /Zc:wchar_t /Zc:forScope /Fo"cmTC_36359.dir\Debug\\" /Fd"cmTC_36359.dir\Debug\vc100.pdb" /Gd /TC /analyze- /errorReport:queue CheckIncludeFile.c
  Microsoft (R) 32-bit C/C++ Optimizing Compiler Version 16.00.40219.01 for 80x86
  Copyright (C) Microsoft Corporation.  All rights reserved.
  
  cl /c /Zi /W3 /WX- /Od /Ob0 /Oy- /D WIN32 /D _WINDOWS /D _LARGEFILE_SOURCE /D _LARGE_FILES /D restrict= /D inline=__inline /D _DEBUG /D "CMAKE_INTDIR=\"Debug\"" /D _MBCS /Gm- /RTC1 /MDd /GS /fp:precise /Zc:wchar_t /Zc:forScope /Fo"cmTC_36359.dir\Debug\\" /Fd"cmTC_36359.dir\Debug\vc100.pdb" /Gd /TC /analyze- /errorReport:queue CheckIncludeFile.c
  
  CheckIncludeFile.c
CheckIncludeFile.c(1): fatal error C1083: Cannot open include file: 'dlfcn.h': No such file or directory [H:\C++\SpaceShooterIII\lib\deps\openal-soft\CMakeFiles\CMakeTmp\cmTC_36359.vcxproj]
Done Building Project "H:\C++\SpaceShooterIII\lib\deps\openal-soft\CMakeFiles\CMakeTmp\cmTC_36359.vcxproj" (default targets) -- FAILED.

Build FAILED.

"H:\C++\SpaceShooterIII\lib\deps\openal-soft\CMakeFiles\CMakeTmp\cmTC_36359.vcxproj" (default target) (1) ->
(ClCompile target) -> 
  CheckIncludeFile.c(1): fatal error C1083: Cannot open include file: 'dlfcn.h': No such file or directory [H:\C++\SpaceShooterIII\lib\deps\openal-soft\CMakeFiles\CMakeTmp\cmTC_36359.vcxproj]

    0 Warning(s)
    1 Error(s)

Time Elapsed 00:00:00.30


Determining if the aligned_alloc exist failed with the following output:
Change Dir: H:/C++/SpaceShooterIII/lib/deps/openal-soft/CMakeFiles/CMakeTmp

Run Build Command:"C:/Windows/Microsoft.NET/Framework/v4.0.30319/MSBuild.exe" "cmTC_c8277.vcxproj" "/p:Configuration=Debug" "/p:VisualStudioVersion=10.0"
Microsoft (R) Build Engine version 4.6.1055.0
[Microsoft .NET Framework, version 4.0.30319.42000]
Copyright (C) Microsoft Corporation. All rights reserved.

Build started 4/14/2016 8:34:34 AM.
Project "H:\C++\SpaceShooterIII\lib\deps\openal-soft\CMakeFiles\CMakeTmp\cmTC_c8277.vcxproj" on node 1 (default targets).
PrepareForBuild:
  Creating directory "cmTC_c8277.dir\Debug\".
  Creating directory "H:\C++\SpaceShooterIII\lib\deps\openal-soft\CMakeFiles\CMakeTmp\Debug\".
InitializeBuildStatus:
  Creating "cmTC_c8277.dir\Debug\cmTC_c8277.unsuccessfulbuild" because "AlwaysCreate" was specified.
ClCompile:
  c:\Program Files (x86)\Microsoft Visual Studio 10.0\VC\bin\CL.exe /c /Zi /W3 /WX- /Od /Ob0 /Oy- /D WIN32 /D _WINDOWS /D _LARGEFILE_SOURCE /D _LARGE_FILES /D restrict= /D inline=__inline /D _DEBUG /D "CMAKE_INTDIR=\"Debug\"" /D _MBCS /Gm- /RTC1 /MDd /GS /fp:precise /Zc:wchar_t /Zc:forScope /Fo"cmTC_c8277.dir\Debug\\" /Fd"cmTC_c8277.dir\Debug\vc100.pdb" /Gd /TC /analyze- /errorReport:queue CheckSymbolExists.c
  Microsoft (R) 32-bit C/C++ Optimizing Compiler Version 16.00.40219.01 for 80x86
  Copyright (C) Microsoft Corporation.  All rights reserved.
  
  cl /c /Zi /W3 /WX- /Od /Ob0 /Oy- /D WIN32 /D _WINDOWS /D _LARGEFILE_SOURCE /D _LARGE_FILES /D restrict= /D inline=__inline /D _DEBUG /D "CMAKE_INTDIR=\"Debug\"" /D _MBCS /Gm- /RTC1 /MDd /GS /fp:precise /Zc:wchar_t /Zc:forScope /Fo"cmTC_c8277.dir\Debug\\" /Fd"cmTC_c8277.dir\Debug\vc100.pdb" /Gd /TC /analyze- /errorReport:queue CheckSymbolExists.c
  
  CheckSymbolExists.c
CheckSymbolExists.c(8): error C2065: 'aligned_alloc' : undeclared identifier [H:\C++\SpaceShooterIII\lib\deps\openal-soft\CMakeFiles\CMakeTmp\cmTC_c8277.vcxproj]
Done Building Project "H:\C++\SpaceShooterIII\lib\deps\openal-soft\CMakeFiles\CMakeTmp\cmTC_c8277.vcxproj" (default targets) -- FAILED.

Build FAILED.

"H:\C++\SpaceShooterIII\lib\deps\openal-soft\CMakeFiles\CMakeTmp\cmTC_c8277.vcxproj" (default target) (1) ->
(ClCompile target) -> 
  CheckSymbolExists.c(8): error C2065: 'aligned_alloc' : undeclared identifier [H:\C++\SpaceShooterIII\lib\deps\openal-soft\CMakeFiles\CMakeTmp\cmTC_c8277.vcxproj]

    0 Warning(s)
    1 Error(s)

Time Elapsed 00:00:00.33

File H:/C++/SpaceShooterIII/lib/deps/openal-soft/CMakeFiles/CMakeTmp/CheckSymbolExists.c:
/* */
#include <stdlib.h>

int main(int argc, char** argv)
{
  (void)argv;
#ifndef aligned_alloc
  return ((int*)(&aligned_alloc))[argc];
#else
  (void)argc;
  return 0;
#endif
}

Determining if the posix_memalign exist failed with the following output:
Change Dir: H:/C++/SpaceShooterIII/lib/deps/openal-soft/CMakeFiles/CMakeTmp

Run Build Command:"C:/Windows/Microsoft.NET/Framework/v4.0.30319/MSBuild.exe" "cmTC_fdd6b.vcxproj" "/p:Configuration=Debug" "/p:VisualStudioVersion=10.0"
Microsoft (R) Build Engine version 4.6.1055.0
[Microsoft .NET Framework, version 4.0.30319.42000]
Copyright (C) Microsoft Corporation. All rights reserved.

Build started 4/14/2016 8:34:36 AM.
Project "H:\C++\SpaceShooterIII\lib\deps\openal-soft\CMakeFiles\CMakeTmp\cmTC_fdd6b.vcxproj" on node 1 (default targets).
PrepareForBuild:
  Creating directory "cmTC_fdd6b.dir\Debug\".
  Creating directory "H:\C++\SpaceShooterIII\lib\deps\openal-soft\CMakeFiles\CMakeTmp\Debug\".
InitializeBuildStatus:
  Creating "cmTC_fdd6b.dir\Debug\cmTC_fdd6b.unsuccessfulbuild" because "AlwaysCreate" was specified.
ClCompile:
  c:\Program Files (x86)\Microsoft Visual Studio 10.0\VC\bin\CL.exe /c /Zi /W3 /WX- /Od /Ob0 /Oy- /D WIN32 /D _WINDOWS /D _LARGEFILE_SOURCE /D _LARGE_FILES /D restrict= /D inline=__inline /D _DEBUG /D "CMAKE_INTDIR=\"Debug\"" /D _MBCS /Gm- /RTC1 /MDd /GS /fp:precise /Zc:wchar_t /Zc:forScope /Fo"cmTC_fdd6b.dir\Debug\\" /Fd"cmTC_fdd6b.dir\Debug\vc100.pdb" /Gd /TC /analyze- /errorReport:queue CheckSymbolExists.c
  Microsoft (R) 32-bit C/C++ Optimizing Compiler Version 16.00.40219.01 for 80x86
  Copyright (C) Microsoft Corporation.  All rights reserved.
  
  cl /c /Zi /W3 /WX- /Od /Ob0 /Oy- /D WIN32 /D _WINDOWS /D _LARGEFILE_SOURCE /D _LARGE_FILES /D restrict= /D inline=__inline /D _DEBUG /D "CMAKE_INTDIR=\"Debug\"" /D _MBCS /Gm- /RTC1 /MDd /GS /fp:precise /Zc:wchar_t /Zc:forScope /Fo"cmTC_fdd6b.dir\Debug\\" /Fd"cmTC_fdd6b.dir\Debug\vc100.pdb" /Gd /TC /analyze- /errorReport:queue CheckSymbolExists.c
  
  CheckSymbolExists.c
CheckSymbolExists.c(8): error C2065: 'posix_memalign' : undeclared identifier [H:\C++\SpaceShooterIII\lib\deps\openal-soft\CMakeFiles\CMakeTmp\cmTC_fdd6b.vcxproj]
Done Building Project "H:\C++\SpaceShooterIII\lib\deps\openal-soft\CMakeFiles\CMakeTmp\cmTC_fdd6b.vcxproj" (default targets) -- FAILED.

Build FAILED.

"H:\C++\SpaceShooterIII\lib\deps\openal-soft\CMakeFiles\CMakeTmp\cmTC_fdd6b.vcxproj" (default target) (1) ->
(ClCompile target) -> 
  CheckSymbolExists.c(8): error C2065: 'posix_memalign' : undeclared identifier [H:\C++\SpaceShooterIII\lib\deps\openal-soft\CMakeFiles\CMakeTmp\cmTC_fdd6b.vcxproj]

    0 Warning(s)
    1 Error(s)

Time Elapsed 00:00:00.35

File H:/C++/SpaceShooterIII/lib/deps/openal-soft/CMakeFiles/CMakeTmp/CheckSymbolExists.c:
/* */
#include <stdlib.h>

int main(int argc, char** argv)
{
  (void)argv;
#ifndef posix_memalign
  return ((int*)(&posix_memalign))[argc];
#else
  (void)argc;
  return 0;
#endif
}

Determining if the lrintf exist failed with the following output:
Change Dir: H:/C++/SpaceShooterIII/lib/deps/openal-soft/CMakeFiles/CMakeTmp

Run Build Command:"C:/Windows/Microsoft.NET/Framework/v4.0.30319/MSBuild.exe" "cmTC_3bb4c.vcxproj" "/p:Configuration=Debug" "/p:VisualStudioVersion=10.0"
Microsoft (R) Build Engine version 4.6.1055.0
[Microsoft .NET Framework, version 4.0.30319.42000]
Copyright (C) Microsoft Corporation. All rights reserved.

Build started 4/14/2016 8:34:43 AM.
Project "H:\C++\SpaceShooterIII\lib\deps\openal-soft\CMakeFiles\CMakeTmp\cmTC_3bb4c.vcxproj" on node 1 (default targets).
PrepareForBuild:
  Creating directory "cmTC_3bb4c.dir\Debug\".
  Creating directory "H:\C++\SpaceShooterIII\lib\deps\openal-soft\CMakeFiles\CMakeTmp\Debug\".
InitializeBuildStatus:
  Creating "cmTC_3bb4c.dir\Debug\cmTC_3bb4c.unsuccessfulbuild" because "AlwaysCreate" was specified.
ClCompile:
  c:\Program Files (x86)\Microsoft Visual Studio 10.0\VC\bin\CL.exe /c /Zi /W3 /WX- /Od /Ob0 /Oy- /D WIN32 /D _WINDOWS /D _LARGEFILE_SOURCE /D _LARGE_FILES /D restrict= /D inline=__inline /D _DEBUG /D "CMAKE_INTDIR=\"Debug\"" /D _MBCS /Gm- /RTC1 /MDd /GS /fp:precise /Zc:wchar_t /Zc:forScope /Fo"cmTC_3bb4c.dir\Debug\\" /Fd"cmTC_3bb4c.dir\Debug\vc100.pdb" /Gd /TC /analyze- /errorReport:queue CheckSymbolExists.c
  Microsoft (R) 32-bit C/C++ Optimizing Compiler Version 16.00.40219.01 for 80x86
  Copyright (C) Microsoft Corporation.  All rights reserved.
  
  cl /c /Zi /W3 /WX- /Od /Ob0 /Oy- /D WIN32 /D _WINDOWS /D _LARGEFILE_SOURCE /D _LARGE_FILES /D restrict= /D inline=__inline /D _DEBUG /D "CMAKE_INTDIR=\"Debug\"" /D _MBCS /Gm- /RTC1 /MDd /GS /fp:precise /Zc:wchar_t /Zc:forScope /Fo"cmTC_3bb4c.dir\Debug\\" /Fd"cmTC_3bb4c.dir\Debug\vc100.pdb" /Gd /TC /analyze- /errorReport:queue CheckSymbolExists.c
  
  CheckSymbolExists.c
CheckSymbolExists.c(8): error C2065: 'lrintf' : undeclared identifier [H:\C++\SpaceShooterIII\lib\deps\openal-soft\CMakeFiles\CMakeTmp\cmTC_3bb4c.vcxproj]
Done Building Project "H:\C++\SpaceShooterIII\lib\deps\openal-soft\CMakeFiles\CMakeTmp\cmTC_3bb4c.vcxproj" (default targets) -- FAILED.

Build FAILED.

"H:\C++\SpaceShooterIII\lib\deps\openal-soft\CMakeFiles\CMakeTmp\cmTC_3bb4c.vcxproj" (default target) (1) ->
(ClCompile target) -> 
  CheckSymbolExists.c(8): error C2065: 'lrintf' : undeclared identifier [H:\C++\SpaceShooterIII\lib\deps\openal-soft\CMakeFiles\CMakeTmp\cmTC_3bb4c.vcxproj]

    0 Warning(s)
    1 Error(s)

Time Elapsed 00:00:00.46

File H:/C++/SpaceShooterIII/lib/deps/openal-soft/CMakeFiles/CMakeTmp/CheckSymbolExists.c:
/* */
#include <math.h>

int main(int argc, char** argv)
{
  (void)argv;
#ifndef lrintf
  return ((int*)(&lrintf))[argc];
#else
  (void)argc;
  return 0;
#endif
}

Determining if the function strtof exists failed with the following output:
Change Dir: H:/C++/SpaceShooterIII/lib/deps/openal-soft/CMakeFiles/CMakeTmp

Run Build Command:"C:/Windows/Microsoft.NET/Framework/v4.0.30319/MSBuild.exe" "cmTC_42c82.vcxproj" "/p:Configuration=Debug" "/p:VisualStudioVersion=10.0"
Microsoft (R) Build Engine version 4.6.1055.0
[Microsoft .NET Framework, version 4.0.30319.42000]
Copyright (C) Microsoft Corporation. All rights reserved.

Build started 4/14/2016 8:35:09 AM.
Project "H:\C++\SpaceShooterIII\lib\deps\openal-soft\CMakeFiles\CMakeTmp\cmTC_42c82.vcxproj" on node 1 (default targets).
PrepareForBuild:
  Creating directory "cmTC_42c82.dir\Debug\".
  Creating directory "H:\C++\SpaceShooterIII\lib\deps\openal-soft\CMakeFiles\CMakeTmp\Debug\".
InitializeBuildStatus:
  Creating "cmTC_42c82.dir\Debug\cmTC_42c82.unsuccessfulbuild" because "AlwaysCreate" was specified.
ClCompile:
  c:\Program Files (x86)\Microsoft Visual Studio 10.0\VC\bin\CL.exe /c /Zi /W3 /WX- /Od /Ob0 /Oy- /D WIN32 /D _WINDOWS /D CHECK_FUNCTION_EXISTS=strtof /D _LARGEFILE_SOURCE /D _LARGE_FILES /D restrict= /D inline=__inline /D _DEBUG /D "CMAKE_INTDIR=\"Debug\"" /D _MBCS /Gm- /RTC1 /MDd /GS /fp:precise /Zc:wchar_t /Zc:forScope /Fo"cmTC_42c82.dir\Debug\\" /Fd"cmTC_42c82.dir\Debug\vc100.pdb" /Gd /TC /analyze- /errorReport:queue "..\..\..\..\..\..\..\cmake-3.5.1-win32-x86\share\cmake-3.5\Modules\CheckFunctionExists.c"
  Microsoft (R) 32-bit C/C++ Optimizing Compiler Version 16.00.40219.01 for 80x86
  Copyright (C) Microsoft Corporation.  All rights reserved.
  
  cl /c /Zi /W3 /WX- /Od /Ob0 /Oy- /D WIN32 /D _WINDOWS /D CHECK_FUNCTION_EXISTS=strtof /D _LARGEFILE_SOURCE /D _LARGE_FILES /D restrict= /D inline=__inline /D _DEBUG /D "CMAKE_INTDIR=\"Debug\"" /D _MBCS /Gm- /RTC1 /MDd /GS /fp:precise /Zc:wchar_t /Zc:forScope /Fo"cmTC_42c82.dir\Debug\\" /Fd"cmTC_42c82.dir\Debug\vc100.pdb" /Gd /TC /analyze- /errorReport:queue "..\..\..\..\..\..\..\cmake-3.5.1-win32-x86\share\cmake-3.5\Modules\CheckFunctionExists.c"
  
  CheckFunctionExists.c
ManifestResourceCompile:
  c:\Program Files (x86)\Microsoft SDKs\Windows\v7.0A\bin\rc.exe /nologo /fo"cmTC_42c82.dir\Debug\cmTC_42c82.exe.embed.manifest.res" cmTC_42c82.dir\Debug\cmTC_42c82_manifest.rc 
Link:
  c:\Program Files (x86)\Microsoft Visual Studio 10.0\VC\bin\link.exe /ERRORREPORT:QUEUE /OUT:"H:\C++\SpaceShooterIII\lib\deps\openal-soft\CMakeFiles\CMakeTmp\Debug\cmTC_42c82.exe" /INCREMENTAL /NOLOGO kernel32.lib user32.lib gdi32.lib winspool.lib shell32.lib ole32.lib oleaut32.lib uuid.lib comdlg32.lib advapi32.lib /MANIFEST /ManifestFile:"cmTC_42c82.dir\Debug\cmTC_42c82.exe.intermediate.manifest" /MANIFESTUAC:"level='asInvoker' uiAccess='false'" /DEBUG /PDB:"H:/C++/SpaceShooterIII/lib/deps/openal-soft/CMakeFiles/CMakeTmp/Debug/cmTC_42c82.pdb" /SUBSYSTEM:CONSOLE /TLBID:1 /DYNAMICBASE /NXCOMPAT /IMPLIB:"H:/C++/SpaceShooterIII/lib/deps/openal-soft/CMakeFiles/CMakeTmp/Debug/cmTC_42c82.lib" /MACHINE:X86 cmTC_42c82.dir\Debug\cmTC_42c82.exe.embed.manifest.res
  cmTC_42c82.dir\Debug\CheckFunctionExists.obj  /machine:X86 
CheckFunctionExists.obj : error LNK2019: unresolved external symbol _strtof referenced in function _main [H:\C++\SpaceShooterIII\lib\deps\openal-soft\CMakeFiles\CMakeTmp\cmTC_42c82.vcxproj]
H:\C++\SpaceShooterIII\lib\deps\openal-soft\CMakeFiles\CMakeTmp\Debug\cmTC_42c82.exe : fatal error LNK1120: 1 unresolved externals [H:\C++\SpaceShooterIII\lib\deps\openal-soft\CMakeFiles\CMakeTmp\cmTC_42c82.vcxproj]
Done Building Project "H:\C++\SpaceShooterIII\lib\deps\openal-soft\CMakeFiles\CMakeTmp\cmTC_42c82.vcxproj" (default targets) -- FAILED.

Build FAILED.

"H:\C++\SpaceShooterIII\lib\deps\openal-soft\CMakeFiles\CMakeTmp\cmTC_42c82.vcxproj" (default target) (1) ->
(Link target) -> 
  CheckFunctionExists.obj : error LNK2019: unresolved external symbol _strtof referenced in function _main [H:\C++\SpaceShooterIII\lib\deps\openal-soft\CMakeFiles\CMakeTmp\cmTC_42c82.vcxproj]
  H:\C++\SpaceShooterIII\lib\deps\openal-soft\CMakeFiles\CMakeTmp\Debug\cmTC_42c82.exe : fatal error LNK1120: 1 unresolved externals [H:\C++\SpaceShooterIII\lib\deps\openal-soft\CMakeFiles\CMakeTmp\cmTC_42c82.vcxproj]

    0 Warning(s)
    2 Error(s)

Time Elapsed 00:00:01.18


Determining if the function strcasecmp exists failed with the following output:
Change Dir: H:/C++/SpaceShooterIII/lib/deps/openal-soft/CMakeFiles/CMakeTmp

Run Build Command:"C:/Windows/Microsoft.NET/Framework/v4.0.30319/MSBuild.exe" "cmTC_d3947.vcxproj" "/p:Configuration=Debug" "/p:VisualStudioVersion=10.0"
Microsoft (R) Build Engine version 4.6.1055.0
[Microsoft .NET Framework, version 4.0.30319.42000]
Copyright (C) Microsoft Corporation. All rights reserved.

Build started 4/14/2016 8:35:12 AM.
Project "H:\C++\SpaceShooterIII\lib\deps\openal-soft\CMakeFiles\CMakeTmp\cmTC_d3947.vcxproj" on node 1 (default targets).
PrepareForBuild:
  Creating directory "cmTC_d3947.dir\Debug\".
  Creating directory "H:\C++\SpaceShooterIII\lib\deps\openal-soft\CMakeFiles\CMakeTmp\Debug\".
InitializeBuildStatus:
  Creating "cmTC_d3947.dir\Debug\cmTC_d3947.unsuccessfulbuild" because "AlwaysCreate" was specified.
ClCompile:
  c:\Program Files (x86)\Microsoft Visual Studio 10.0\VC\bin\CL.exe /c /Zi /W3 /WX- /Od /Ob0 /Oy- /D WIN32 /D _WINDOWS /D CHECK_FUNCTION_EXISTS=strcasecmp /D _LARGEFILE_SOURCE /D _LARGE_FILES /D restrict= /D inline=__inline /D _DEBUG /D "CMAKE_INTDIR=\"Debug\"" /D _MBCS /Gm- /RTC1 /MDd /GS /fp:precise /Zc:wchar_t /Zc:forScope /Fo"cmTC_d3947.dir\Debug\\" /Fd"cmTC_d3947.dir\Debug\vc100.pdb" /Gd /TC /analyze- /errorReport:queue "..\..\..\..\..\..\..\cmake-3.5.1-win32-x86\share\cmake-3.5\Modules\CheckFunctionExists.c"
  Microsoft (R) 32-bit C/C++ Optimizing Compiler Version 16.00.40219.01 for 80x86
  Copyright (C) Microsoft Corporation.  All rights reserved.
  
  cl /c /Zi /W3 /WX- /Od /Ob0 /Oy- /D WIN32 /D _WINDOWS /D CHECK_FUNCTION_EXISTS=strcasecmp /D _LARGEFILE_SOURCE /D _LARGE_FILES /D restrict= /D inline=__inline /D _DEBUG /D "CMAKE_INTDIR=\"Debug\"" /D _MBCS /Gm- /RTC1 /MDd /GS /fp:precise /Zc:wchar_t /Zc:forScope /Fo"cmTC_d3947.dir\Debug\\" /Fd"cmTC_d3947.dir\Debug\vc100.pdb" /Gd /TC /analyze- /errorReport:queue "..\..\..\..\..\..\..\cmake-3.5.1-win32-x86\share\cmake-3.5\Modules\CheckFunctionExists.c"
  
  CheckFunctionExists.c
ManifestResourceCompile:
  c:\Program Files (x86)\Microsoft SDKs\Windows\v7.0A\bin\rc.exe /nologo /fo"cmTC_d3947.dir\Debug\cmTC_d3947.exe.embed.manifest.res" cmTC_d3947.dir\Debug\cmTC_d3947_manifest.rc 
Link:
  c:\Program Files (x86)\Microsoft Visual Studio 10.0\VC\bin\link.exe /ERRORREPORT:QUEUE /OUT:"H:\C++\SpaceShooterIII\lib\deps\openal-soft\CMakeFiles\CMakeTmp\Debug\cmTC_d3947.exe" /INCREMENTAL /NOLOGO kernel32.lib user32.lib gdi32.lib winspool.lib shell32.lib ole32.lib oleaut32.lib uuid.lib comdlg32.lib advapi32.lib /MANIFEST /ManifestFile:"cmTC_d3947.dir\Debug\cmTC_d3947.exe.intermediate.manifest" /MANIFESTUAC:"level='asInvoker' uiAccess='false'" /DEBUG /PDB:"H:/C++/SpaceShooterIII/lib/deps/openal-soft/CMakeFiles/CMakeTmp/Debug/cmTC_d3947.pdb" /SUBSYSTEM:CONSOLE /TLBID:1 /DYNAMICBASE /NXCOMPAT /IMPLIB:"H:/C++/SpaceShooterIII/lib/deps/openal-soft/CMakeFiles/CMakeTmp/Debug/cmTC_d3947.lib" /MACHINE:X86 cmTC_d3947.dir\Debug\cmTC_d3947.exe.embed.manifest.res
  cmTC_d3947.dir\Debug\CheckFunctionExists.obj  /machine:X86 
CheckFunctionExists.obj : error LNK2019: unresolved external symbol _strcasecmp referenced in function _main [H:\C++\SpaceShooterIII\lib\deps\openal-soft\CMakeFiles\CMakeTmp\cmTC_d3947.vcxproj]
H:\C++\SpaceShooterIII\lib\deps\openal-soft\CMakeFiles\CMakeTmp\Debug\cmTC_d3947.exe : fatal error LNK1120: 1 unresolved externals [H:\C++\SpaceShooterIII\lib\deps\openal-soft\CMakeFiles\CMakeTmp\cmTC_d3947.vcxproj]
Done Building Project "H:\C++\SpaceShooterIII\lib\deps\openal-soft\CMakeFiles\CMakeTmp\cmTC_d3947.vcxproj" (default targets) -- FAILED.

Build FAILED.

"H:\C++\SpaceShooterIII\lib\deps\openal-soft\CMakeFiles\CMakeTmp\cmTC_d3947.vcxproj" (default target) (1) ->
(Link target) -> 
  CheckFunctionExists.obj : error LNK2019: unresolved external symbol _strcasecmp referenced in function _main [H:\C++\SpaceShooterIII\lib\deps\openal-soft\CMakeFiles\CMakeTmp\cmTC_d3947.vcxproj]
  H:\C++\SpaceShooterIII\lib\deps\openal-soft\CMakeFiles\CMakeTmp\Debug\cmTC_d3947.exe : fatal error LNK1120: 1 unresolved externals [H:\C++\SpaceShooterIII\lib\deps\openal-soft\CMakeFiles\CMakeTmp\cmTC_d3947.vcxproj]

    0 Warning(s)
    2 Error(s)

Time Elapsed 00:00:01.05


Determining if the function strncasecmp exists failed with the following output:
Change Dir: H:/C++/SpaceShooterIII/lib/deps/openal-soft/CMakeFiles/CMakeTmp

Run Build Command:"C:/Windows/Microsoft.NET/Framework/v4.0.30319/MSBuild.exe" "cmTC_502c8.vcxproj" "/p:Configuration=Debug" "/p:VisualStudioVersion=10.0"
Microsoft (R) Build Engine version 4.6.1055.0
[Microsoft .NET Framework, version 4.0.30319.42000]
Copyright (C) Microsoft Corporation. All rights reserved.

Build started 4/14/2016 8:35:19 AM.
Project "H:\C++\SpaceShooterIII\lib\deps\openal-soft\CMakeFiles\CMakeTmp\cmTC_502c8.vcxproj" on node 1 (default targets).
PrepareForBuild:
  Creating directory "cmTC_502c8.dir\Debug\".
  Creating directory "H:\C++\SpaceShooterIII\lib\deps\openal-soft\CMakeFiles\CMakeTmp\Debug\".
InitializeBuildStatus:
  Creating "cmTC_502c8.dir\Debug\cmTC_502c8.unsuccessfulbuild" because "AlwaysCreate" was specified.
ClCompile:
  c:\Program Files (x86)\Microsoft Visual Studio 10.0\VC\bin\CL.exe /c /Zi /W3 /WX- /Od /Ob0 /Oy- /D WIN32 /D _WINDOWS /D CHECK_FUNCTION_EXISTS=strncasecmp /D _LARGEFILE_SOURCE /D _LARGE_FILES /D restrict= /D inline=__inline /D _DEBUG /D "CMAKE_INTDIR=\"Debug\"" /D _MBCS /Gm- /RTC1 /MDd /GS /fp:precise /Zc:wchar_t /Zc:forScope /Fo"cmTC_502c8.dir\Debug\\" /Fd"cmTC_502c8.dir\Debug\vc100.pdb" /Gd /TC /analyze- /errorReport:queue "..\..\..\..\..\..\..\cmake-3.5.1-win32-x86\share\cmake-3.5\Modules\CheckFunctionExists.c"
  Microsoft (R) 32-bit C/C++ Optimizing Compiler Version 16.00.40219.01 for 80x86
  Copyright (C) Microsoft Corporation.  All rights reserved.
  
  cl /c /Zi /W3 /WX- /Od /Ob0 /Oy- /D WIN32 /D _WINDOWS /D CHECK_FUNCTION_EXISTS=strncasecmp /D _LARGEFILE_SOURCE /D _LARGE_FILES /D restrict= /D inline=__inline /D _DEBUG /D "CMAKE_INTDIR=\"Debug\"" /D _MBCS /Gm- /RTC1 /MDd /GS /fp:precise /Zc:wchar_t /Zc:forScope /Fo"cmTC_502c8.dir\Debug\\" /Fd"cmTC_502c8.dir\Debug\vc100.pdb" /Gd /TC /analyze- /errorReport:queue "..\..\..\..\..\..\..\cmake-3.5.1-win32-x86\share\cmake-3.5\Modules\CheckFunctionExists.c"
  
  CheckFunctionExists.c
ManifestResourceCompile:
  c:\Program Files (x86)\Microsoft SDKs\Windows\v7.0A\bin\rc.exe /nologo /fo"cmTC_502c8.dir\Debug\cmTC_502c8.exe.embed.manifest.res" cmTC_502c8.dir\Debug\cmTC_502c8_manifest.rc 
Link:
  c:\Program Files (x86)\Microsoft Visual Studio 10.0\VC\bin\link.exe /ERRORREPORT:QUEUE /OUT:"H:\C++\SpaceShooterIII\lib\deps\openal-soft\CMakeFiles\CMakeTmp\Debug\cmTC_502c8.exe" /INCREMENTAL /NOLOGO kernel32.lib user32.lib gdi32.lib winspool.lib shell32.lib ole32.lib oleaut32.lib uuid.lib comdlg32.lib advapi32.lib /MANIFEST /ManifestFile:"cmTC_502c8.dir\Debug\cmTC_502c8.exe.intermediate.manifest" /MANIFESTUAC:"level='asInvoker' uiAccess='false'" /DEBUG /PDB:"H:/C++/SpaceShooterIII/lib/deps/openal-soft/CMakeFiles/CMakeTmp/Debug/cmTC_502c8.pdb" /SUBSYSTEM:CONSOLE /TLBID:1 /DYNAMICBASE /NXCOMPAT /IMPLIB:"H:/C++/SpaceShooterIII/lib/deps/openal-soft/CMakeFiles/CMakeTmp/Debug/cmTC_502c8.lib" /MACHINE:X86 cmTC_502c8.dir\Debug\cmTC_502c8.exe.embed.manifest.res
  cmTC_502c8.dir\Debug\CheckFunctionExists.obj  /machine:X86 
CheckFunctionExists.obj : error LNK2019: unresolved external symbol _strncasecmp referenced in function _main [H:\C++\SpaceShooterIII\lib\deps\openal-soft\CMakeFiles\CMakeTmp\cmTC_502c8.vcxproj]
H:\C++\SpaceShooterIII\lib\deps\openal-soft\CMakeFiles\CMakeTmp\Debug\cmTC_502c8.exe : fatal error LNK1120: 1 unresolved externals [H:\C++\SpaceShooterIII\lib\deps\openal-soft\CMakeFiles\CMakeTmp\cmTC_502c8.vcxproj]
Done Building Project "H:\C++\SpaceShooterIII\lib\deps\openal-soft\CMakeFiles\CMakeTmp\cmTC_502c8.vcxproj" (default targets) -- FAILED.

Build FAILED.

"H:\C++\SpaceShooterIII\lib\deps\openal-soft\CMakeFiles\CMakeTmp\cmTC_502c8.vcxproj" (default target) (1) ->
(Link target) -> 
  CheckFunctionExists.obj : error LNK2019: unresolved external symbol _strncasecmp referenced in function _main [H:\C++\SpaceShooterIII\lib\deps\openal-soft\CMakeFiles\CMakeTmp\cmTC_502c8.vcxproj]
  H:\C++\SpaceShooterIII\lib\deps\openal-soft\CMakeFiles\CMakeTmp\Debug\cmTC_502c8.exe : fatal error LNK1120: 1 unresolved externals [H:\C++\SpaceShooterIII\lib\deps\openal-soft\CMakeFiles\CMakeTmp\cmTC_502c8.vcxproj]

    0 Warning(s)
    2 Error(s)

Time Elapsed 00:00:01.19


Determining if the snprintf exist failed with the following output:
Change Dir: H:/C++/SpaceShooterIII/lib/deps/openal-soft/CMakeFiles/CMakeTmp

Run Build Command:"C:/Windows/Microsoft.NET/Framework/v4.0.30319/MSBuild.exe" "cmTC_9ea20.vcxproj" "/p:Configuration=Debug" "/p:VisualStudioVersion=10.0"
Microsoft (R) Build Engine version 4.6.1055.0
[Microsoft .NET Framework, version 4.0.30319.42000]
Copyright (C) Microsoft Corporation. All rights reserved.

Build started 4/14/2016 8:35:31 AM.
Project "H:\C++\SpaceShooterIII\lib\deps\openal-soft\CMakeFiles\CMakeTmp\cmTC_9ea20.vcxproj" on node 1 (default targets).
PrepareForBuild:
  Creating directory "cmTC_9ea20.dir\Debug\".
  Creating directory "H:\C++\SpaceShooterIII\lib\deps\openal-soft\CMakeFiles\CMakeTmp\Debug\".
InitializeBuildStatus:
  Creating "cmTC_9ea20.dir\Debug\cmTC_9ea20.unsuccessfulbuild" because "AlwaysCreate" was specified.
ClCompile:
  c:\Program Files (x86)\Microsoft Visual Studio 10.0\VC\bin\CL.exe /c /Zi /W3 /WX- /Od /Ob0 /Oy- /D WIN32 /D _WINDOWS /D _LARGEFILE_SOURCE /D _LARGE_FILES /D restrict= /D inline=__inline /D _DEBUG /D "CMAKE_INTDIR=\"Debug\"" /D _MBCS /Gm- /RTC1 /MDd /GS /fp:precise /Zc:wchar_t /Zc:forScope /Fo"cmTC_9ea20.dir\Debug\\" /Fd"cmTC_9ea20.dir\Debug\vc100.pdb" /Gd /TC /analyze- /errorReport:queue CheckSymbolExists.c
  Microsoft (R) 32-bit C/C++ Optimizing Compiler Version 16.00.40219.01 for 80x86
  Copyright (C) Microsoft Corporation.  All rights reserved.
  
  cl /c /Zi /W3 /WX- /Od /Ob0 /Oy- /D WIN32 /D _WINDOWS /D _LARGEFILE_SOURCE /D _LARGE_FILES /D restrict= /D inline=__inline /D _DEBUG /D "CMAKE_INTDIR=\"Debug\"" /D _MBCS /Gm- /RTC1 /MDd /GS /fp:precise /Zc:wchar_t /Zc:forScope /Fo"cmTC_9ea20.dir\Debug\\" /Fd"cmTC_9ea20.dir\Debug\vc100.pdb" /Gd /TC /analyze- /errorReport:queue CheckSymbolExists.c
  
  CheckSymbolExists.c
CheckSymbolExists.c(8): error C2065: 'snprintf' : undeclared identifier [H:\C++\SpaceShooterIII\lib\deps\openal-soft\CMakeFiles\CMakeTmp\cmTC_9ea20.vcxproj]
Done Building Project "H:\C++\SpaceShooterIII\lib\deps\openal-soft\CMakeFiles\CMakeTmp\cmTC_9ea20.vcxproj" (default targets) -- FAILED.

Build FAILED.

"H:\C++\SpaceShooterIII\lib\deps\openal-soft\CMakeFiles\CMakeTmp\cmTC_9ea20.vcxproj" (default target) (1) ->
(ClCompile target) -> 
  CheckSymbolExists.c(8): error C2065: 'snprintf' : undeclared identifier [H:\C++\SpaceShooterIII\lib\deps\openal-soft\CMakeFiles\CMakeTmp\cmTC_9ea20.vcxproj]

    0 Warning(s)
    1 Error(s)

Time Elapsed 00:00:00.31

File H:/C++/SpaceShooterIII/lib/deps/openal-soft/CMakeFiles/CMakeTmp/CheckSymbolExists.c:
/* */
#include <stdio.h>

int main(int argc, char** argv)
{
  (void)argv;
#ifndef snprintf
  return ((int*)(&snprintf))[argc];
#else
  (void)argc;
  return 0;
#endif
}

Determining if the isfinite exist failed with the following output:
Change Dir: H:/C++/SpaceShooterIII/lib/deps/openal-soft/CMakeFiles/CMakeTmp

Run Build Command:"C:/Windows/Microsoft.NET/Framework/v4.0.30319/MSBuild.exe" "cmTC_6572c.vcxproj" "/p:Configuration=Debug" "/p:VisualStudioVersion=10.0"
Microsoft (R) Build Engine version 4.6.1055.0
[Microsoft .NET Framework, version 4.0.30319.42000]
Copyright (C) Microsoft Corporation. All rights reserved.

Build started 4/14/2016 8:35:38 AM.
Project "H:\C++\SpaceShooterIII\lib\deps\openal-soft\CMakeFiles\CMakeTmp\cmTC_6572c.vcxproj" on node 1 (default targets).
PrepareForBuild:
  Creating directory "cmTC_6572c.dir\Debug\".
  Creating directory "H:\C++\SpaceShooterIII\lib\deps\openal-soft\CMakeFiles\CMakeTmp\Debug\".
InitializeBuildStatus:
  Creating "cmTC_6572c.dir\Debug\cmTC_6572c.unsuccessfulbuild" because "AlwaysCreate" was specified.
ClCompile:
  c:\Program Files (x86)\Microsoft Visual Studio 10.0\VC\bin\CL.exe /c /Zi /W3 /WX- /Od /Ob0 /Oy- /D WIN32 /D _WINDOWS /D _LARGEFILE_SOURCE /D _LARGE_FILES /D restrict= /D inline=__inline /D _DEBUG /D "CMAKE_INTDIR=\"Debug\"" /D _MBCS /Gm- /RTC1 /MDd /GS /fp:precise /Zc:wchar_t /Zc:forScope /Fo"cmTC_6572c.dir\Debug\\" /Fd"cmTC_6572c.dir\Debug\vc100.pdb" /Gd /TC /analyze- /errorReport:queue CheckSymbolExists.c
  Microsoft (R) 32-bit C/C++ Optimizing Compiler Version 16.00.40219.01 for 80x86
  Copyright (C) Microsoft Corporation.  All rights reserved.
  
  cl /c /Zi /W3 /WX- /Od /Ob0 /Oy- /D WIN32 /D _WINDOWS /D _LARGEFILE_SOURCE /D _LARGE_FILES /D restrict= /D inline=__inline /D _DEBUG /D "CMAKE_INTDIR=\"Debug\"" /D _MBCS /Gm- /RTC1 /MDd /GS /fp:precise /Zc:wchar_t /Zc:forScope /Fo"cmTC_6572c.dir\Debug\\" /Fd"cmTC_6572c.dir\Debug\vc100.pdb" /Gd /TC /analyze- /errorReport:queue CheckSymbolExists.c
  
  CheckSymbolExists.c
CheckSymbolExists.c(8): error C2065: 'isfinite' : undeclared identifier [H:\C++\SpaceShooterIII\lib\deps\openal-soft\CMakeFiles\CMakeTmp\cmTC_6572c.vcxproj]
Done Building Project "H:\C++\SpaceShooterIII\lib\deps\openal-soft\CMakeFiles\CMakeTmp\cmTC_6572c.vcxproj" (default targets) -- FAILED.

Build FAILED.

"H:\C++\SpaceShooterIII\lib\deps\openal-soft\CMakeFiles\CMakeTmp\cmTC_6572c.vcxproj" (default target) (1) ->
(ClCompile target) -> 
  CheckSymbolExists.c(8): error C2065: 'isfinite' : undeclared identifier [H:\C++\SpaceShooterIII\lib\deps\openal-soft\CMakeFiles\CMakeTmp\cmTC_6572c.vcxproj]

    0 Warning(s)
    1 Error(s)

Time Elapsed 00:00:00.32

File H:/C++/SpaceShooterIII/lib/deps/openal-soft/CMakeFiles/CMakeTmp/CheckSymbolExists.c:
/* */
#include <math.h>

int main(int argc, char** argv)
{
  (void)argv;
#ifndef isfinite
  return ((int*)(&isfinite))[argc];
#else
  (void)argc;
  return 0;
#endif
}

Determining if the function finite exists failed with the following output:
Change Dir: H:/C++/SpaceShooterIII/lib/deps/openal-soft/CMakeFiles/CMakeTmp

Run Build Command:"C:/Windows/Microsoft.NET/Framework/v4.0.30319/MSBuild.exe" "cmTC_2ab5b.vcxproj" "/p:Configuration=Debug" "/p:VisualStudioVersion=10.0"
Microsoft (R) Build Engine version 4.6.1055.0
[Microsoft .NET Framework, version 4.0.30319.42000]
Copyright (C) Microsoft Corporation. All rights reserved.

Build started 4/14/2016 8:35:39 AM.
Project "H:\C++\SpaceShooterIII\lib\deps\openal-soft\CMakeFiles\CMakeTmp\cmTC_2ab5b.vcxproj" on node 1 (default targets).
PrepareForBuild:
  Creating directory "cmTC_2ab5b.dir\Debug\".
  Creating directory "H:\C++\SpaceShooterIII\lib\deps\openal-soft\CMakeFiles\CMakeTmp\Debug\".
InitializeBuildStatus:
  Creating "cmTC_2ab5b.dir\Debug\cmTC_2ab5b.unsuccessfulbuild" because "AlwaysCreate" was specified.
ClCompile:
  c:\Program Files (x86)\Microsoft Visual Studio 10.0\VC\bin\CL.exe /c /Zi /W3 /WX- /Od /Ob0 /Oy- /D WIN32 /D _WINDOWS /D CHECK_FUNCTION_EXISTS=finite /D _LARGEFILE_SOURCE /D _LARGE_FILES /D restrict= /D inline=__inline /D _DEBUG /D "CMAKE_INTDIR=\"Debug\"" /D _MBCS /Gm- /RTC1 /MDd /GS /fp:precise /Zc:wchar_t /Zc:forScope /Fo"cmTC_2ab5b.dir\Debug\\" /Fd"cmTC_2ab5b.dir\Debug\vc100.pdb" /Gd /TC /analyze- /errorReport:queue "..\..\..\..\..\..\..\cmake-3.5.1-win32-x86\share\cmake-3.5\Modules\CheckFunctionExists.c"
  Microsoft (R) 32-bit C/C++ Optimizing Compiler Version 16.00.40219.01 for 80x86
  Copyright (C) Microsoft Corporation.  All rights reserved.
  
  cl /c /Zi /W3 /WX- /Od /Ob0 /Oy- /D WIN32 /D _WINDOWS /D CHECK_FUNCTION_EXISTS=finite /D _LARGEFILE_SOURCE /D _LARGE_FILES /D restrict= /D inline=__inline /D _DEBUG /D "CMAKE_INTDIR=\"Debug\"" /D _MBCS /Gm- /RTC1 /MDd /GS /fp:precise /Zc:wchar_t /Zc:forScope /Fo"cmTC_2ab5b.dir\Debug\\" /Fd"cmTC_2ab5b.dir\Debug\vc100.pdb" /Gd /TC /analyze- /errorReport:queue "..\..\..\..\..\..\..\cmake-3.5.1-win32-x86\share\cmake-3.5\Modules\CheckFunctionExists.c"
  
  CheckFunctionExists.c
ManifestResourceCompile:
  c:\Program Files (x86)\Microsoft SDKs\Windows\v7.0A\bin\rc.exe /nologo /fo"cmTC_2ab5b.dir\Debug\cmTC_2ab5b.exe.embed.manifest.res" cmTC_2ab5b.dir\Debug\cmTC_2ab5b_manifest.rc 
Link:
  c:\Program Files (x86)\Microsoft Visual Studio 10.0\VC\bin\link.exe /ERRORREPORT:QUEUE /OUT:"H:\C++\SpaceShooterIII\lib\deps\openal-soft\CMakeFiles\CMakeTmp\Debug\cmTC_2ab5b.exe" /INCREMENTAL /NOLOGO kernel32.lib user32.lib gdi32.lib winspool.lib shell32.lib ole32.lib oleaut32.lib uuid.lib comdlg32.lib advapi32.lib /MANIFEST /ManifestFile:"cmTC_2ab5b.dir\Debug\cmTC_2ab5b.exe.intermediate.manifest" /MANIFESTUAC:"level='asInvoker' uiAccess='false'" /DEBUG /PDB:"H:/C++/SpaceShooterIII/lib/deps/openal-soft/CMakeFiles/CMakeTmp/Debug/cmTC_2ab5b.pdb" /SUBSYSTEM:CONSOLE /TLBID:1 /DYNAMICBASE /NXCOMPAT /IMPLIB:"H:/C++/SpaceShooterIII/lib/deps/openal-soft/CMakeFiles/CMakeTmp/Debug/cmTC_2ab5b.lib" /MACHINE:X86 cmTC_2ab5b.dir\Debug\cmTC_2ab5b.exe.embed.manifest.res
  cmTC_2ab5b.dir\Debug\CheckFunctionExists.obj  /machine:X86 
CheckFunctionExists.obj : error LNK2019: unresolved external symbol _finite referenced in function _main [H:\C++\SpaceShooterIII\lib\deps\openal-soft\CMakeFiles\CMakeTmp\cmTC_2ab5b.vcxproj]
H:\C++\SpaceShooterIII\lib\deps\openal-soft\CMakeFiles\CMakeTmp\Debug\cmTC_2ab5b.exe : fatal error LNK1120: 1 unresolved externals [H:\C++\SpaceShooterIII\lib\deps\openal-soft\CMakeFiles\CMakeTmp\cmTC_2ab5b.vcxproj]
Done Building Project "H:\C++\SpaceShooterIII\lib\deps\openal-soft\CMakeFiles\CMakeTmp\cmTC_2ab5b.vcxproj" (default targets) -- FAILED.

Build FAILED.

"H:\C++\SpaceShooterIII\lib\deps\openal-soft\CMakeFiles\CMakeTmp\cmTC_2ab5b.vcxproj" (default target) (1) ->
(Link target) -> 
  CheckFunctionExists.obj : error LNK2019: unresolved external symbol _finite referenced in function _main [H:\C++\SpaceShooterIII\lib\deps\openal-soft\CMakeFiles\CMakeTmp\cmTC_2ab5b.vcxproj]
  H:\C++\SpaceShooterIII\lib\deps\openal-soft\CMakeFiles\CMakeTmp\Debug\cmTC_2ab5b.exe : fatal error LNK1120: 1 unresolved externals [H:\C++\SpaceShooterIII\lib\deps\openal-soft\CMakeFiles\CMakeTmp\cmTC_2ab5b.vcxproj]

    0 Warning(s)
    2 Error(s)

Time Elapsed 00:00:01.21


Determining if the isnan exist failed with the following output:
Change Dir: H:/C++/SpaceShooterIII/lib/deps/openal-soft/CMakeFiles/CMakeTmp

Run Build Command:"C:/Windows/Microsoft.NET/Framework/v4.0.30319/MSBuild.exe" "cmTC_ba401.vcxproj" "/p:Configuration=Debug" "/p:VisualStudioVersion=10.0"
Microsoft (R) Build Engine version 4.6.1055.0
[Microsoft .NET Framework, version 4.0.30319.42000]
Copyright (C) Microsoft Corporation. All rights reserved.

Build started 4/14/2016 8:35:47 AM.
Project "H:\C++\SpaceShooterIII\lib\deps\openal-soft\CMakeFiles\CMakeTmp\cmTC_ba401.vcxproj" on node 1 (default targets).
PrepareForBuild:
  Creating directory "cmTC_ba401.dir\Debug\".
  Creating directory "H:\C++\SpaceShooterIII\lib\deps\openal-soft\CMakeFiles\CMakeTmp\Debug\".
InitializeBuildStatus:
  Creating "cmTC_ba401.dir\Debug\cmTC_ba401.unsuccessfulbuild" because "AlwaysCreate" was specified.
ClCompile:
  c:\Program Files (x86)\Microsoft Visual Studio 10.0\VC\bin\CL.exe /c /Zi /W3 /WX- /Od /Ob0 /Oy- /D WIN32 /D _WINDOWS /D _LARGEFILE_SOURCE /D _LARGE_FILES /D restrict= /D inline=__inline /D _DEBUG /D "CMAKE_INTDIR=\"Debug\"" /D _MBCS /Gm- /RTC1 /MDd /GS /fp:precise /Zc:wchar_t /Zc:forScope /Fo"cmTC_ba401.dir\Debug\\" /Fd"cmTC_ba401.dir\Debug\vc100.pdb" /Gd /TC /analyze- /errorReport:queue CheckSymbolExists.c
  Microsoft (R) 32-bit C/C++ Optimizing Compiler Version 16.00.40219.01 for 80x86
  Copyright (C) Microsoft Corporation.  All rights reserved.
  
  cl /c /Zi /W3 /WX- /Od /Ob0 /Oy- /D WIN32 /D _WINDOWS /D _LARGEFILE_SOURCE /D _LARGE_FILES /D restrict= /D inline=__inline /D _DEBUG /D "CMAKE_INTDIR=\"Debug\"" /D _MBCS /Gm- /RTC1 /MDd /GS /fp:precise /Zc:wchar_t /Zc:forScope /Fo"cmTC_ba401.dir\Debug\\" /Fd"cmTC_ba401.dir\Debug\vc100.pdb" /Gd /TC /analyze- /errorReport:queue CheckSymbolExists.c
  
  CheckSymbolExists.c
CheckSymbolExists.c(8): error C2065: 'isnan' : undeclared identifier [H:\C++\SpaceShooterIII\lib\deps\openal-soft\CMakeFiles\CMakeTmp\cmTC_ba401.vcxproj]
Done Building Project "H:\C++\SpaceShooterIII\lib\deps\openal-soft\CMakeFiles\CMakeTmp\cmTC_ba401.vcxproj" (default targets) -- FAILED.

Build FAILED.

"H:\C++\SpaceShooterIII\lib\deps\openal-soft\CMakeFiles\CMakeTmp\cmTC_ba401.vcxproj" (default target) (1) ->
(ClCompile target) -> 
  CheckSymbolExists.c(8): error C2065: 'isnan' : undeclared identifier [H:\C++\SpaceShooterIII\lib\deps\openal-soft\CMakeFiles\CMakeTmp\cmTC_ba401.vcxproj]

    0 Warning(s)
    1 Error(s)

Time Elapsed 00:00:00.31

File H:/C++/SpaceShooterIII/lib/deps/openal-soft/CMakeFiles/CMakeTmp/CheckSymbolExists.c:
/* */
#include <math.h>

int main(int argc, char** argv)
{
  (void)argv;
#ifndef isnan
  return ((int*)(&isnan))[argc];
#else
  (void)argc;
  return 0;
#endif
}

Determining if the include file arm_neon.h exists failed with the following output:
Change Dir: H:/C++/SpaceShooterIII/lib/deps/openal-soft/CMakeFiles/CMakeTmp

Run Build Command:"C:/Windows/Microsoft.NET/Framework/v4.0.30319/MSBuild.exe" "cmTC_ad80d.vcxproj" "/p:Configuration=Debug" "/p:VisualStudioVersion=10.0"
Microsoft (R) Build Engine version 4.6.1055.0
[Microsoft .NET Framework, version 4.0.30319.42000]
Copyright (C) Microsoft Corporation. All rights reserved.

Build started 4/14/2016 8:36:19 AM.
Project "H:\C++\SpaceShooterIII\lib\deps\openal-soft\CMakeFiles\CMakeTmp\cmTC_ad80d.vcxproj" on node 1 (default targets).
PrepareForBuild:
  Creating directory "cmTC_ad80d.dir\Debug\".
  Creating directory "H:\C++\SpaceShooterIII\lib\deps\openal-soft\CMakeFiles\CMakeTmp\Debug\".
InitializeBuildStatus:
  Creating "cmTC_ad80d.dir\Debug\cmTC_ad80d.unsuccessfulbuild" because "AlwaysCreate" was specified.
ClCompile:
  c:\Program Files (x86)\Microsoft Visual Studio 10.0\VC\bin\CL.exe /c /Zi /W3 /WX- /Od /Ob0 /Oy- /D WIN32 /D _WINDOWS /D _LARGEFILE_SOURCE /D _LARGE_FILES /D restrict= /D inline=__inline /D _DEBUG /D "CMAKE_INTDIR=\"Debug\"" /D _MBCS /Gm- /RTC1 /MDd /GS /fp:precise /Zc:wchar_t /Zc:forScope /Fo"cmTC_ad80d.dir\Debug\\" /Fd"cmTC_ad80d.dir\Debug\vc100.pdb" /Gd /TC /analyze- /errorReport:queue CheckIncludeFile.c
  Microsoft (R) 32-bit C/C++ Optimizing Compiler Version 16.00.40219.01 for 80x86
  Copyright (C) Microsoft Corporation.  All rights reserved.
  
  cl /c /Zi /W3 /WX- /Od /Ob0 /Oy- /D WIN32 /D _WINDOWS /D _LARGEFILE_SOURCE /D _LARGE_FILES /D restrict= /D inline=__inline /D _DEBUG /D "CMAKE_INTDIR=\"Debug\"" /D _MBCS /Gm- /RTC1 /MDd /GS /fp:precise /Zc:wchar_t /Zc:forScope /Fo"cmTC_ad80d.dir\Debug\\" /Fd"cmTC_ad80d.dir\Debug\vc100.pdb" /Gd /TC /analyze- /errorReport:queue CheckIncludeFile.c
  
  CheckIncludeFile.c
CheckIncludeFile.c(1): fatal error C1083: Cannot open include file: 'arm_neon.h': No such file or directory [H:\C++\SpaceShooterIII\lib\deps\openal-soft\CMakeFiles\CMakeTmp\cmTC_ad80d.vcxproj]
Done Building Project "H:\C++\SpaceShooterIII\lib\deps\openal-soft\CMakeFiles\CMakeTmp\cmTC_ad80d.vcxproj" (default targets) -- FAILED.

Build FAILED.

"H:\C++\SpaceShooterIII\lib\deps\openal-soft\CMakeFiles\CMakeTmp\cmTC_ad80d.vcxproj" (default target) (1) ->
(ClCompile target) -> 
  CheckIncludeFile.c(1): fatal error C1083: Cannot open include file: 'arm_neon.h': No such file or directory [H:\C++\SpaceShooterIII\lib\deps\openal-soft\CMakeFiles\CMakeTmp\cmTC_ad80d.vcxproj]

    0 Warning(s)
    1 Error(s)

Time Elapsed 00:00:00.37


Determining if files SLES/OpenSLES.h;SLES/OpenSLES_Android.h exist failed with the following output:
Change Dir: H:/C++/SpaceShooterIII/lib/deps/openal-soft/CMakeFiles/CMakeTmp

Run Build Command:"C:/Windows/Microsoft.NET/Framework/v4.0.30319/MSBuild.exe" "cmTC_d4db7.vcxproj" "/p:Configuration=Debug" "/p:VisualStudioVersion=10.0"
Microsoft (R) Build Engine version 4.6.1055.0
[Microsoft .NET Framework, version 4.0.30319.42000]
Copyright (C) Microsoft Corporation. All rights reserved.

Build started 4/14/2016 8:36:36 AM.
Project "H:\C++\SpaceShooterIII\lib\deps\openal-soft\CMakeFiles\CMakeTmp\cmTC_d4db7.vcxproj" on node 1 (default targets).
PrepareForBuild:
  Creating directory "cmTC_d4db7.dir\Debug\".
  Creating directory "H:\C++\SpaceShooterIII\lib\deps\openal-soft\CMakeFiles\CMakeTmp\Debug\".
InitializeBuildStatus:
  Creating "cmTC_d4db7.dir\Debug\cmTC_d4db7.unsuccessfulbuild" because "AlwaysCreate" was specified.
ClCompile:
  c:\Program Files (x86)\Microsoft Visual Studio 10.0\VC\bin\CL.exe /c /Zi /W3 /WX- /Od /Ob0 /Oy- /D WIN32 /D _WINDOWS /D _LARGEFILE_SOURCE /D _LARGE_FILES /D restrict= /D inline=__inline /D _DEBUG /D "CMAKE_INTDIR=\"Debug\"" /D _MBCS /Gm- /RTC1 /MDd /GS /fp:precise /Zc:wchar_t /Zc:forScope /Fo"cmTC_d4db7.dir\Debug\\" /Fd"cmTC_d4db7.dir\Debug\vc100.pdb" /Gd /TC /analyze- /errorReport:queue CheckIncludeFiles.c
  Microsoft (R) 32-bit C/C++ Optimizing Compiler Version 16.00.40219.01 for 80x86
  Copyright (C) Microsoft Corporation.  All rights reserved.
  
  cl /c /Zi /W3 /WX- /Od /Ob0 /Oy- /D WIN32 /D _WINDOWS /D _LARGEFILE_SOURCE /D _LARGE_FILES /D restrict= /D inline=__inline /D _DEBUG /D "CMAKE_INTDIR=\"Debug\"" /D _MBCS /Gm- /RTC1 /MDd /GS /fp:precise /Zc:wchar_t /Zc:forScope /Fo"cmTC_d4db7.dir\Debug\\" /Fd"cmTC_d4db7.dir\Debug\vc100.pdb" /Gd /TC /analyze- /errorReport:queue CheckIncludeFiles.c
  
  CheckIncludeFiles.c
CheckIncludeFiles.c(2): fatal error C1083: Cannot open include file: 'SLES/OpenSLES.h': No such file or directory [H:\C++\SpaceShooterIII\lib\deps\openal-soft\CMakeFiles\CMakeTmp\cmTC_d4db7.vcxproj]
Done Building Project "H:\C++\SpaceShooterIII\lib\deps\openal-soft\CMakeFiles\CMakeTmp\cmTC_d4db7.vcxproj" (default targets) -- FAILED.

Build FAILED.

"H:\C++\SpaceShooterIII\lib\deps\openal-soft\CMakeFiles\CMakeTmp\cmTC_d4db7.vcxproj" (default target) (1) ->
(ClCompile target) -> 
  CheckIncludeFiles.c(2): fatal error C1083: Cannot open include file: 'SLES/OpenSLES.h': No such file or directory [H:\C++\SpaceShooterIII\lib\deps\openal-soft\CMakeFiles\CMakeTmp\cmTC_d4db7.vcxproj]

    0 Warning(s)
    1 Error(s)

Time Elapsed 00:00:00.29

Source:
/* */
#include <SLES/OpenSLES.h>
#include <SLES/OpenSLES_Android.h>


int main(void){return 0;}

Determining if the include file pthread.h exists failed with the following output:
Change Dir: H:/C++/SpaceShooterIII/lib/deps/openal-soft/CMakeFiles/CMakeTmp

Run Build Command:"C:/Windows/Microsoft.NET/Framework/v4.0.30319/MSBuild.exe" "cmTC_b827a.vcxproj" "/p:Configuration=Debug" "/p:VisualStudioVersion=10.0"
Microsoft (R) Build Engine version 4.6.1055.0
[Microsoft .NET Framework, version 4.0.30319.42000]
Copyright (C) Microsoft Corporation. All rights reserved.

Build started 4/14/2016 8:36:38 AM.
Project "H:\C++\SpaceShooterIII\lib\deps\openal-soft\CMakeFiles\CMakeTmp\cmTC_b827a.vcxproj" on node 1 (default targets).
PrepareForBuild:
  Creating directory "cmTC_b827a.dir\Debug\".
  Creating directory "H:\C++\SpaceShooterIII\lib\deps\openal-soft\CMakeFiles\CMakeTmp\Debug\".
InitializeBuildStatus:
  Creating "cmTC_b827a.dir\Debug\cmTC_b827a.unsuccessfulbuild" because "AlwaysCreate" was specified.
ClCompile:
  c:\Program Files (x86)\Microsoft Visual Studio 10.0\VC\bin\CL.exe /c /Zi /W3 /WX- /Od /Ob0 /Oy- /D WIN32 /D _WINDOWS /D _LARGEFILE_SOURCE /D _LARGE_FILES /D restrict= /D inline=__inline /D _DEBUG /D "CMAKE_INTDIR=\"Debug\"" /D _MBCS /Gm- /RTC1 /MDd /GS /fp:precise /Zc:wchar_t /Zc:forScope /Fo"cmTC_b827a.dir\Debug\\" /Fd"cmTC_b827a.dir\Debug\vc100.pdb" /Gd /TC /analyze- /errorReport:queue CheckIncludeFile.c
  Microsoft (R) 32-bit C/C++ Optimizing Compiler Version 16.00.40219.01 for 80x86
  Copyright (C) Microsoft Corporation.  All rights reserved.
  
  cl /c /Zi /W3 /WX- /Od /Ob0 /Oy- /D WIN32 /D _WINDOWS /D _LARGEFILE_SOURCE /D _LARGE_FILES /D restrict= /D inline=__inline /D _DEBUG /D "CMAKE_INTDIR=\"Debug\"" /D _MBCS /Gm- /RTC1 /MDd /GS /fp:precise /Zc:wchar_t /Zc:forScope /Fo"cmTC_b827a.dir\Debug\\" /Fd"cmTC_b827a.dir\Debug\vc100.pdb" /Gd /TC /analyze- /errorReport:queue CheckIncludeFile.c
  
  CheckIncludeFile.c
CheckIncludeFile.c(1): fatal error C1083: Cannot open include file: 'pthread.h': No such file or directory [H:\C++\SpaceShooterIII\lib\deps\openal-soft\CMakeFiles\CMakeTmp\cmTC_b827a.vcxproj]
Done Building Project "H:\C++\SpaceShooterIII\lib\deps\openal-soft\CMakeFiles\CMakeTmp\cmTC_b827a.vcxproj" (default targets) -- FAILED.

Build FAILED.

"H:\C++\SpaceShooterIII\lib\deps\openal-soft\CMakeFiles\CMakeTmp\cmTC_b827a.vcxproj" (default target) (1) ->
(ClCompile target) -> 
  CheckIncludeFile.c(1): fatal error C1083: Cannot open include file: 'pthread.h': No such file or directory [H:\C++\SpaceShooterIII\lib\deps\openal-soft\CMakeFiles\CMakeTmp\cmTC_b827a.vcxproj]

    0 Warning(s)
    1 Error(s)

Time Elapsed 00:00:00.35


